
Attaching package: ‘dplyr’

The following objects are masked from ‘package:stats’:

    filter, lag

The following objects are masked from ‘package:base’:

    intersect, setdiff, setequal, union

Loading required package: boot

Attaching package: ‘boot’

The following object is masked from ‘package:survival’:

    aml

Loading required package: MASS

Attaching package: ‘MASS’

The following object is masked from ‘package:dplyr’:

    select

Loading required package: survC1
Loading required package: doBy

Attaching package: ‘doBy’

The following object is masked from ‘package:dplyr’:

    order_by


Attaching package: ‘frailtypack’

The following object is masked from ‘package:survival’:

    cluster

Loading required package: mgcv
Loading required package: nlme

Attaching package: ‘nlme’

The following object is masked from ‘package:dplyr’:

    collapse

This is mgcv 1.8-38. For overview type 'help("mgcv-package")'.

This is GJRM 0.2-5.1.
For overview type 'help("GJRM-package")'.

Loading required package: lattice

Attaching package: ‘lattice’

The following object is masked from ‘package:boot’:

    melanoma

Loading required package: Formula
Loading required package: ggplot2

Attaching package: ‘Hmisc’

The following objects are masked from ‘package:dplyr’:

    src, summarize

The following objects are masked from ‘package:base’:

    format.pval, units

Loading required package: SparseM

Attaching package: ‘SparseM’

The following object is masked from ‘package:base’:

    backsolve


Attaching package: ‘table1’

The following objects are masked from ‘package:Hmisc’:

    label, label<-, units

The following objects are masked from ‘package:base’:

    units, units<-


Attaching package: ‘reshape2’

The following object is masked from ‘package:tidyr’:

    smiths

Loading required package: StanHeaders
rstan (Version 2.21.3, GitRev: 2e1f913d3ca3)
For execution on a local, multicore CPU with excess RAM we recommend calling
options(mc.cores = parallel::detectCores()).
To avoid recompilation of unchanged Stan programs, we recommend calling
rstan_options(auto_write = TRUE)

Attaching package: ‘rstan’

The following object is masked from ‘package:tidyr’:

    extract


Attaching package: ‘mice’

The following object is masked from ‘package:stats’:

    filter

The following objects are masked from ‘package:base’:

    cbind, rbind

Loading required package: foreach
Loading required package: iterators
Loading required package: parallel
[1] "s1.1" "s1.2" "s2.1" "s2.2"
[1] 1000 2500 5000
[1] "msm"
[1] "product"
[1] "joint"
[1] "c.clay"
[1] "c.gumb"
[1] "c.frank"
[1] "f.normal_weib"
[1] "f.gamma_weib"
[1] "msm"
[1] "product"
[1] "joint"
[1] "c.clay"
[1] "c.gumb"
[1] "c.frank"
[1] "f.normal_weib"
[1] "f.gamma_weib"
[1] "msm"
[1] "product"
[1] "joint"
[1] "c.clay"
[1] "c.gumb"
[1] "c.frank"
[1] "f.normal_weib"
[1] "f.gamma_weib"
[1] "msm"
[1] "product"
[1] "joint"
[1] "c.clay"
[1] "c.gumb"
[1] "c.frank"
[1] "f.normal_weib"
[1] "f.gamma_weib"
[1] "msm"
[1] "product"
[1] "joint"
[1] "c.clay"
[1] "c.gumb"
[1] "c.frank"
[1] "f.normal_weib"
[1] "f.gamma_weib"
[1] "msm"
[1] "product"
[1] "joint"
[1] "c.clay"
[1] "c.gumb"
[1] "c.frank"
[1] "f.normal_weib"
[1] "f.gamma_weib"
[1] "msm"
[1] "product"
[1] "joint"
[1] "c.clay"
[1] "c.gumb"
[1] "c.frank"
[1] "f.normal_weib"
[1] "f.gamma_weib"
[1] "msm"
[1] "product"
[1] "joint"
[1] "c.clay"
[1] "c.gumb"
[1] "c.frank"
[1] "f.normal_weib"
[1] "f.gamma_weib"
[1] "msm"
[1] "product"
[1] "joint"
[1] "c.clay"
[1] "c.gumb"
[1] "c.frank"
[1] "f.normal_weib"
[1] "f.gamma_weib"
[1] "msm"
[1] "product"
[1] "joint"
[1] "c.clay"
[1] "c.gumb"
[1] "c.frank"
[1] "f.normal_weib"
[1] "f.gamma_weib"
[1] "msm"
[1] "product"
[1] "joint"
[1] "c.clay"
[1] "c.gumb"
[1] "c.frank"
[1] "f.normal_weib"
[1] "f.gamma_weib"
[1] "msm"
[1] "product"
[1] "joint"
[1] "c.clay"
[1] "c.gumb"
[1] "c.frank"
[1] "f.normal_weib"
[1] "f.gamma_weib"
[1] "msm"
[1] "product"
[1] "joint"
[1] "c.clay"
[1] "c.gumb"
[1] "c.frank"
[1] "f.normal_weib"
[1] "f.gamma_weib"
[1] "msm"
[1] "product"
[1] "joint"
[1] "c.clay"
[1] "c.gumb"
[1] "c.frank"
[1] "f.normal_weib"
[1] "f.gamma_weib"
[1] "msm"
[1] "product"
[1] "joint"
[1] "c.clay"
[1] "c.gumb"
[1] "c.frank"
[1] "f.normal_weib"
[1] "f.gamma_weib"
[1] "msm"
[1] "product"
[1] "joint"
[1] "c.clay"
[1] "c.gumb"
[1] "c.frank"
[1] "f.normal_weib"
[1] "f.gamma_weib"
[1] "msm"
[1] "product"
[1] "joint"
[1] "c.clay"
[1] "c.gumb"
[1] "c.frank"
[1] "f.normal_weib"
[1] "f.gamma_weib"
[1] "msm"
[1] "product"
[1] "joint"
[1] "c.clay"
[1] "c.gumb"
[1] "c.frank"
[1] "f.normal_weib"
[1] "f.gamma_weib"
[1] "msm"
[1] "product"
[1] "joint"
[1] "c.clay"
[1] "c.gumb"
[1] "c.frank"
[1] "f.normal_weib"
[1] "f.gamma_weib"
[1] "msm"
[1] "product"
[1] "joint"
[1] "c.clay"
[1] "c.gumb"
[1] "c.frank"
[1] "f.normal_weib"
[1] "f.gamma_weib"
[1] "msm"
[1] "product"
[1] "joint"
[1] "c.clay"
[1] "c.gumb"
[1] "c.frank"
[1] "f.normal_weib"
[1] "f.gamma_weib"
[1] "msm"
[1] "product"
[1] "joint"
[1] "c.clay"
[1] "c.gumb"
[1] "c.frank"
[1] "f.normal_weib"
[1] "f.gamma_weib"
[1] "msm"
[1] "product"
[1] "joint"
[1] "c.clay"
[1] "c.gumb"
[1] "c.frank"
[1] "f.normal_weib"
[1] "f.gamma_weib"
[1] "msm"
[1] "product"
[1] "joint"
[1] "c.clay"
[1] "c.gumb"
[1] "c.frank"
[1] "f.normal_weib"
[1] "f.gamma_weib"
[1] "msm"
[1] "product"
[1] "joint"
[1] "c.clay"
[1] "c.gumb"
[1] "c.frank"
[1] "f.normal_weib"
[1] "f.gamma_weib"
[1] "msm"
[1] "product"
[1] "joint"
[1] "c.clay"
[1] "c.gumb"
[1] "c.frank"
[1] "f.normal_weib"
[1] "f.gamma_weib"
[1] "msm"
[1] "product"
[1] "joint"
[1] "c.clay"
[1] "c.gumb"
[1] "c.frank"
[1] "f.normal_weib"
[1] "f.gamma_weib"
[1] "msm"
[1] "product"
[1] "joint"
[1] "c.clay"
[1] "c.gumb"
[1] "c.frank"
[1] "f.normal_weib"
[1] "f.gamma_weib"
[1] "msm"
[1] "product"
[1] "joint"
[1] "c.clay"
[1] "c.gumb"
[1] "c.frank"
[1] "f.normal_weib"
[1] "f.gamma_weib"
[1] "msm"
[1] "product"
[1] "joint"
[1] "c.clay"
[1] "c.gumb"
[1] "c.frank"
[1] "f.normal_weib"
[1] "f.gamma_weib"
[1] "msm"
[1] "product"
[1] "joint"
[1] "c.clay"
[1] "c.gumb"
[1] "c.frank"
[1] "f.normal_weib"
[1] "f.gamma_weib"
[1] "msm"
[1] "product"
[1] "joint"
[1] "c.clay"
[1] "c.gumb"
[1] "c.frank"
[1] "f.normal_weib"
[1] "f.gamma_weib"
[1] "msm"
[1] "product"
[1] "joint"
[1] "c.clay"
[1] "c.gumb"
[1] "c.frank"
[1] "f.normal_weib"
[1] "f.gamma_weib"
[1] "msm"
[1] "product"
[1] "joint"
[1] "c.clay"
[1] "c.gumb"
[1] "c.frank"
[1] "f.normal_weib"
[1] "f.gamma_weib"
[1] "msm"
[1] "product"
[1] "joint"
[1] "c.clay"
[1] "c.gumb"
[1] "c.frank"
[1] "f.normal_weib"
[1] "f.gamma_weib"
[1] "msm"
[1] "product"
[1] "joint"
[1] "c.clay"
[1] "c.gumb"
[1] "c.frank"
[1] "f.normal_weib"
[1] "f.gamma_weib"
[1] "msm"
[1] "product"
[1] "joint"
[1] "c.clay"
[1] "c.gumb"
[1] "c.frank"
[1] "f.normal_weib"
[1] "f.gamma_weib"
[1] "msm"
[1] "product"
[1] "joint"
[1] "c.clay"
[1] "c.gumb"
[1] "c.frank"
[1] "f.normal_weib"
[1] "f.gamma_weib"
[1] "msm"
[1] "product"
[1] "joint"
[1] "c.clay"
[1] "c.gumb"
[1] "c.frank"
[1] "f.normal_weib"
[1] "f.gamma_weib"
[1] "msm"
[1] "product"
[1] "joint"
[1] "c.clay"
[1] "c.gumb"
[1] "c.frank"
[1] "f.normal_weib"
[1] "f.gamma_weib"
[1] "msm"
[1] "product"
[1] "joint"
[1] "c.clay"
[1] "c.gumb"
[1] "c.frank"
[1] "f.normal_weib"
[1] "f.gamma_weib"
[1] "msm"
[1] "product"
[1] "joint"
[1] "c.clay"
[1] "c.gumb"
[1] "c.frank"
[1] "f.normal_weib"
[1] "f.gamma_weib"
[1] "msm"
[1] "product"
[1] "joint"
[1] "c.clay"
[1] "c.gumb"
[1] "c.frank"
[1] "f.normal_weib"
[1] "f.gamma_weib"
[1] "msm"
[1] "product"
[1] "joint"
[1] "c.clay"
[1] "c.gumb"
[1] "c.frank"
[1] "f.normal_weib"
[1] "f.gamma_weib"
[1] "msm"
[1] "product"
[1] "joint"
[1] "c.clay"
[1] "c.gumb"
[1] "c.frank"
[1] "f.normal_weib"
[1] "f.gamma_weib"
[1] "msm"
[1] "product"
[1] "joint"
[1] "c.clay"
[1] "c.gumb"
[1] "c.frank"
[1] "f.normal_weib"
[1] "f.gamma_weib"
[1] "msm"
[1] "product"
[1] "joint"
[1] "c.clay"
[1] "c.gumb"
[1] "c.frank"
[1] "f.normal_weib"
[1] "f.gamma_weib"
[1] "msm"
[1] "product"
[1] "joint"
[1] "c.clay"
[1] "c.gumb"
[1] "c.frank"
[1] "f.normal_weib"
[1] "f.gamma_weib"
[1] "msm"
[1] "product"
[1] "joint"
[1] "c.clay"
[1] "c.gumb"
[1] "c.frank"
[1] "f.normal_weib"
[1] "f.gamma_weib"
[1] "msm"
[1] "product"
[1] "joint"
[1] "c.clay"
[1] "c.gumb"
[1] "c.frank"
[1] "f.normal_weib"
[1] "f.gamma_weib"
[1] "msm"
[1] "product"
[1] "joint"
[1] "c.clay"
[1] "c.gumb"
[1] "c.frank"
[1] "f.normal_weib"
[1] "f.gamma_weib"
[1] "msm"
[1] "product"
[1] "joint"
[1] "c.clay"
[1] "c.gumb"
[1] "c.frank"
[1] "f.normal_weib"
[1] "f.gamma_weib"
[1] "msm"
[1] "product"
[1] "joint"
[1] "c.clay"
[1] "c.gumb"
[1] "c.frank"
[1] "f.normal_weib"
[1] "f.gamma_weib"
[1] "msm"
[1] "product"
[1] "joint"
[1] "c.clay"
[1] "c.gumb"
[1] "c.frank"
[1] "f.normal_weib"
[1] "f.gamma_weib"
[1] "msm"
[1] "product"
[1] "joint"
[1] "c.clay"
[1] "c.gumb"
[1] "c.frank"
[1] "f.normal_weib"
[1] "f.gamma_weib"
[1] "msm"
[1] "product"
[1] "joint"
[1] "c.clay"
[1] "c.gumb"
[1] "c.frank"
[1] "f.normal_weib"
[1] "f.gamma_weib"
[1] "msm"
[1] "product"
[1] "joint"
[1] "c.clay"
[1] "c.gumb"
[1] "c.frank"
[1] "f.normal_weib"
[1] "f.gamma_weib"
[1] "msm"
[1] "product"
[1] "joint"
[1] "c.clay"
[1] "c.gumb"
[1] "c.frank"
[1] "f.normal_weib"
[1] "f.gamma_weib"
[1] "msm"
[1] "product"
[1] "joint"
[1] "c.clay"
[1] "c.gumb"
[1] "c.frank"
[1] "f.normal_weib"
[1] "f.gamma_weib"
[1] "msm"
[1] "product"
[1] "joint"
[1] "c.clay"
[1] "c.gumb"
[1] "c.frank"
[1] "f.normal_weib"
[1] "f.gamma_weib"
[1] "msm"
[1] "product"
[1] "joint"
[1] "c.clay"
[1] "c.gumb"
[1] "c.frank"
[1] "f.normal_weib"
[1] "f.gamma_weib"
[1] "msm"
[1] "product"
[1] "joint"
[1] "c.clay"
[1] "c.gumb"
[1] "c.frank"
[1] "f.normal_weib"
[1] "f.gamma_weib"
[1] "msm"
[1] "product"
[1] "joint"
[1] "c.clay"
[1] "c.gumb"
[1] "c.frank"
[1] "f.normal_weib"
[1] "f.gamma_weib"
[1] "msm"
[1] "product"
[1] "joint"
[1] "c.clay"
[1] "c.gumb"
[1] "c.frank"
[1] "f.normal_weib"
[1] "f.gamma_weib"
[1] "msm"
[1] "product"
[1] "joint"
[1] "c.clay"
[1] "c.gumb"
[1] "c.frank"
[1] "f.normal_weib"
[1] "f.gamma_weib"
[1] "msm"
[1] "product"
[1] "joint"
[1] "c.clay"
[1] "c.gumb"
[1] "c.frank"
[1] "f.normal_weib"
[1] "f.gamma_weib"
[1] "msm"
[1] "product"
[1] "joint"
[1] "c.clay"
[1] "c.gumb"
[1] "c.frank"
[1] "f.normal_weib"
[1] "f.gamma_weib"
[1] "msm"
[1] "product"
[1] "joint"
[1] "c.clay"
[1] "c.gumb"
[1] "c.frank"
[1] "f.normal_weib"
[1] "f.gamma_weib"
[1] "msm"
[1] "product"
[1] "joint"
[1] "c.clay"
[1] "c.gumb"
[1] "c.frank"
[1] "f.normal_weib"
[1] "f.gamma_weib"
[1] "msm"
[1] "product"
[1] "joint"
[1] "c.clay"
[1] "c.gumb"
[1] "c.frank"
[1] "f.normal_weib"
[1] "f.gamma_weib"
[1] "msm"
[1] "product"
[1] "joint"
[1] "c.clay"
[1] "c.gumb"
[1] "c.frank"
[1] "f.normal_weib"
[1] "f.gamma_weib"
[1] "msm"
[1] "product"
[1] "joint"
[1] "c.clay"
[1] "c.gumb"
[1] "c.frank"
[1] "f.normal_weib"
[1] "f.gamma_weib"
[1] "msm"
[1] "product"
[1] "joint"
[1] "c.clay"
[1] "c.gumb"
[1] "c.frank"
[1] "f.normal_weib"
[1] "f.gamma_weib"
[1] "msm"
[1] "product"
[1] "joint"
[1] "c.clay"
[1] "c.gumb"
[1] "c.frank"
[1] "f.normal_weib"
[1] "f.gamma_weib"
[1] "msm"
[1] "product"
[1] "joint"
[1] "c.clay"
[1] "c.gumb"
[1] "c.frank"
[1] "f.normal_weib"
[1] "f.gamma_weib"
[1] "msm"
[1] "product"
[1] "joint"
[1] "c.clay"
[1] "c.gumb"
[1] "c.frank"
[1] "f.normal_weib"
[1] "f.gamma_weib"
[1] "msm"
[1] "product"
[1] "joint"
[1] "c.clay"
[1] "c.gumb"
[1] "c.frank"
[1] "f.normal_weib"
[1] "f.gamma_weib"
[1] "msm"
[1] "product"
[1] "joint"
[1] "c.clay"
[1] "c.gumb"
[1] "c.frank"
[1] "f.normal_weib"
[1] "f.gamma_weib"
[1] "msm"
[1] "product"
[1] "joint"
[1] "c.clay"
[1] "c.gumb"
[1] "c.frank"
[1] "f.normal_weib"
[1] "f.gamma_weib"
[1] "msm"
[1] "product"
[1] "joint"
[1] "c.clay"
[1] "c.gumb"
[1] "c.frank"
[1] "f.normal_weib"
[1] "f.gamma_weib"
[1] "msm"
[1] "product"
[1] "joint"
[1] "c.clay"
[1] "c.gumb"
[1] "c.frank"
[1] "f.normal_weib"
[1] "f.gamma_weib"
[1] "msm"
[1] "product"
[1] "joint"
[1] "c.clay"
[1] "c.gumb"
[1] "c.frank"
[1] "f.normal_weib"
[1] "f.gamma_weib"
[1] "msm"
[1] "product"
[1] "joint"
[1] "c.clay"
[1] "c.gumb"
[1] "c.frank"
[1] "f.normal_weib"
[1] "f.gamma_weib"
[1] "msm"
[1] "product"
[1] "joint"
[1] "c.clay"
[1] "c.gumb"
[1] "c.frank"
[1] "f.normal_weib"
[1] "f.gamma_weib"
[1] "msm"
[1] "product"
[1] "joint"
[1] "c.clay"
[1] "c.gumb"
[1] "c.frank"
[1] "f.normal_weib"
[1] "f.gamma_weib"
[1] "msm"
[1] "product"
[1] "joint"
[1] "c.clay"
[1] "c.gumb"
[1] "c.frank"
[1] "f.normal_weib"
[1] "f.gamma_weib"
[1] "msm"
[1] "product"
[1] "joint"
[1] "c.clay"
[1] "c.gumb"
[1] "c.frank"
[1] "f.normal_weib"
[1] "f.gamma_weib"
[1] "msm"
[1] "product"
[1] "joint"
[1] "c.clay"
[1] "c.gumb"
[1] "c.frank"
[1] "f.normal_weib"
[1] "f.gamma_weib"
[1] "msm"
[1] "product"
[1] "joint"
[1] "c.clay"
[1] "c.gumb"
[1] "c.frank"
[1] "f.normal_weib"
[1] "f.gamma_weib"
[1] "msm"
[1] "product"
[1] "joint"
[1] "c.clay"
[1] "c.gumb"
[1] "c.frank"
[1] "f.normal_weib"
[1] "f.gamma_weib"
[1] "msm"
[1] "product"
[1] "joint"
[1] "c.clay"
[1] "c.gumb"
[1] "c.frank"
[1] "f.normal_weib"
[1] "f.gamma_weib"
[1] "msm"
[1] "product"
[1] "joint"
[1] "c.clay"
[1] "c.gumb"
[1] "c.frank"
[1] "f.normal_weib"
[1] "f.gamma_weib"
[1] "msm"
[1] "product"
[1] "joint"
[1] "c.clay"
[1] "c.gumb"
[1] "c.frank"
[1] "f.normal_weib"
[1] "f.gamma_weib"
[1] "msm"
[1] "product"
[1] "joint"
[1] "c.clay"
[1] "c.gumb"
[1] "c.frank"
[1] "f.normal_weib"
[1] "f.gamma_weib"
[1] "msm"
[1] "product"
[1] "joint"
[1] "c.clay"
[1] "c.gumb"
[1] "c.frank"
[1] "f.normal_weib"
[1] "f.gamma_weib"
[1] "msm"
[1] "product"
[1] "joint"
[1] "c.clay"
[1] "c.gumb"
[1] "c.frank"
[1] "f.normal_weib"
[1] "f.gamma_weib"
[1] "msm"
[1] "product"
[1] "joint"
[1] "c.clay"
[1] "c.gumb"
[1] "c.frank"
[1] "f.normal_weib"
[1] "f.gamma_weib"
[1] "msm"
[1] "product"
[1] "joint"
[1] "c.clay"
[1] "c.gumb"
[1] "c.frank"
[1] "f.normal_weib"
[1] "f.gamma_weib"
[1] "msm"
[1] "product"
[1] "joint"
[1] "c.clay"
[1] "c.gumb"
[1] "c.frank"
[1] "f.normal_weib"
[1] "f.gamma_weib"
[1] "msm"
[1] "product"
[1] "joint"
[1] "c.clay"
[1] "c.gumb"
[1] "c.frank"
[1] "f.normal_weib"
[1] "f.gamma_weib"
[1] "msm"
[1] "product"
[1] "joint"
[1] "c.clay"
[1] "c.gumb"
[1] "c.frank"
[1] "f.normal_weib"
[1] "f.gamma_weib"
[1] "msm"
[1] "product"
[1] "joint"
[1] "c.clay"
[1] "c.gumb"
[1] "c.frank"
[1] "f.normal_weib"
[1] "f.gamma_weib"
[1] "msm"
[1] "product"
[1] "joint"
[1] "c.clay"
[1] "c.gumb"
[1] "c.frank"
[1] "f.normal_weib"
[1] "f.gamma_weib"
[1] "msm"
[1] "product"
[1] "joint"
[1] "c.clay"
[1] "c.gumb"
[1] "c.frank"
[1] "f.normal_weib"
[1] "f.gamma_weib"
[1] "msm"
[1] "product"
[1] "joint"
[1] "c.clay"
[1] "c.gumb"
[1] "c.frank"
[1] "f.normal_weib"
[1] "f.gamma_weib"
[1] "msm"
[1] "product"
[1] "joint"
[1] "c.clay"
[1] "c.gumb"
[1] "c.frank"
[1] "f.normal_weib"
[1] "f.gamma_weib"
[1] "msm"
[1] "product"
[1] "joint"
[1] "c.clay"
[1] "c.gumb"
[1] "c.frank"
[1] "f.normal_weib"
[1] "f.gamma_weib"
[1] "msm"
[1] "product"
[1] "joint"
[1] "c.clay"
[1] "c.gumb"
[1] "c.frank"
[1] "f.normal_weib"
[1] "f.gamma_weib"
[1] "msm"
[1] "product"
[1] "joint"
[1] "c.clay"
[1] "c.gumb"
[1] "c.frank"
[1] "f.normal_weib"
[1] "f.gamma_weib"
[1] "msm"
[1] "product"
[1] "joint"
[1] "c.clay"
[1] "c.gumb"
[1] "c.frank"
[1] "f.normal_weib"
[1] "f.gamma_weib"
[1] "msm"
[1] "product"
[1] "joint"
[1] "c.clay"
[1] "c.gumb"
[1] "c.frank"
[1] "f.normal_weib"
[1] "f.gamma_weib"
[1] "msm"
[1] "product"
[1] "joint"
[1] "c.clay"
[1] "c.gumb"
[1] "c.frank"
[1] "f.normal_weib"
[1] "f.gamma_weib"
[1] "msm"
[1] "product"
[1] "joint"
[1] "c.clay"
[1] "c.gumb"
[1] "c.frank"
[1] "f.normal_weib"
[1] "f.gamma_weib"
[1] "msm"
[1] "product"
[1] "joint"
[1] "c.clay"
[1] "c.gumb"
[1] "c.frank"
[1] "f.normal_weib"
[1] "f.gamma_weib"
[1] "msm"
[1] "product"
[1] "joint"
[1] "c.clay"
[1] "c.gumb"
[1] "c.frank"
[1] "f.normal_weib"
[1] "f.gamma_weib"
[1] "msm"
[1] "product"
[1] "joint"
[1] "c.clay"
[1] "c.gumb"
[1] "c.frank"
[1] "f.normal_weib"
[1] "f.gamma_weib"
[1] "msm"
[1] "product"
[1] "joint"
[1] "c.clay"
[1] "c.gumb"
[1] "c.frank"
[1] "f.normal_weib"
[1] "f.gamma_weib"
[1] "msm"
[1] "product"
[1] "joint"
[1] "c.clay"
[1] "c.gumb"
[1] "c.frank"
[1] "f.normal_weib"
[1] "f.gamma_weib"
[1] "msm"
[1] "product"
[1] "joint"
[1] "c.clay"
[1] "c.gumb"
[1] "c.frank"
[1] "f.normal_weib"
[1] "f.gamma_weib"
[1] "msm"
[1] "product"
[1] "joint"
[1] "c.clay"
[1] "c.gumb"
[1] "c.frank"
[1] "f.normal_weib"
[1] "f.gamma_weib"
[1] "msm"
[1] "product"
[1] "joint"
[1] "c.clay"
[1] "c.gumb"
[1] "c.frank"
[1] "f.normal_weib"
[1] "f.gamma_weib"
[1] "msm"
[1] "product"
[1] "joint"
[1] "c.clay"
[1] "c.gumb"
[1] "c.frank"
[1] "f.normal_weib"
[1] "f.gamma_weib"
[1] "msm"
[1] "product"
[1] "joint"
[1] "c.clay"
[1] "c.gumb"
[1] "c.frank"
[1] "f.normal_weib"
[1] "f.gamma_weib"
[1] "msm"
[1] "product"
[1] "joint"
[1] "c.clay"
[1] "c.gumb"
[1] "c.frank"
[1] "f.normal_weib"
[1] "f.gamma_weib"
[1] "msm"
[1] "product"
[1] "joint"
[1] "c.clay"
[1] "c.gumb"
[1] "c.frank"
[1] "f.normal_weib"
[1] "f.gamma_weib"
[1] "msm"
[1] "product"
[1] "joint"
[1] "c.clay"
[1] "c.gumb"
[1] "c.frank"
[1] "f.normal_weib"
[1] "f.gamma_weib"
[1] "msm"
[1] "product"
[1] "joint"
[1] "c.clay"
[1] "c.gumb"
[1] "c.frank"
[1] "f.normal_weib"
[1] "f.gamma_weib"
[1] "msm"
[1] "product"
[1] "joint"
[1] "c.clay"
[1] "c.gumb"
[1] "c.frank"
[1] "f.normal_weib"
[1] "f.gamma_weib"
[1] "msm"
[1] "product"
[1] "joint"
[1] "c.clay"
[1] "c.gumb"
[1] "c.frank"
[1] "f.normal_weib"
[1] "f.gamma_weib"
[1] "msm"
[1] "product"
[1] "joint"
[1] "c.clay"
[1] "c.gumb"
[1] "c.frank"
[1] "f.normal_weib"
[1] "f.gamma_weib"
[1] "msm"
[1] "product"
[1] "joint"
[1] "c.clay"
[1] "c.gumb"
[1] "c.frank"
[1] "f.normal_weib"
[1] "f.gamma_weib"
[1] "msm"
[1] "product"
[1] "joint"
[1] "c.clay"
[1] "c.gumb"
[1] "c.frank"
[1] "f.normal_weib"
[1] "f.gamma_weib"
[1] "msm"
[1] "product"
[1] "joint"
[1] "c.clay"
[1] "c.gumb"
[1] "c.frank"
[1] "f.normal_weib"
[1] "f.gamma_weib"
[1] "msm"
[1] "product"
[1] "joint"
[1] "c.clay"
[1] "c.gumb"
[1] "c.frank"
[1] "f.normal_weib"
[1] "f.gamma_weib"
[1] "msm"
[1] "product"
[1] "joint"
[1] "c.clay"
[1] "c.gumb"
[1] "c.frank"
[1] "f.normal_weib"
[1] "f.gamma_weib"
[1] "msm"
[1] "product"
[1] "joint"
[1] "c.clay"
[1] "c.gumb"
[1] "c.frank"
[1] "f.normal_weib"
[1] "f.gamma_weib"
[1] "msm"
[1] "product"
[1] "joint"
[1] "c.clay"
[1] "c.gumb"
[1] "c.frank"
[1] "f.normal_weib"
[1] "f.gamma_weib"
[1] "msm"
[1] "product"
[1] "joint"
[1] "c.clay"
[1] "c.gumb"
[1] "c.frank"
[1] "f.normal_weib"
[1] "f.gamma_weib"
[1] "msm"
[1] "product"
[1] "joint"
[1] "c.clay"
[1] "c.gumb"
[1] "c.frank"
[1] "f.normal_weib"
[1] "f.gamma_weib"
[1] "msm"
[1] "product"
[1] "joint"
[1] "c.clay"
[1] "c.gumb"
[1] "c.frank"
[1] "f.normal_weib"
[1] "f.gamma_weib"
[1] "msm"
[1] "product"
[1] "joint"
[1] "c.clay"
[1] "c.gumb"
[1] "c.frank"
[1] "f.normal_weib"
[1] "f.gamma_weib"
[1] "msm"
[1] "product"
[1] "joint"
[1] "c.clay"
[1] "c.gumb"
[1] "c.frank"
[1] "f.normal_weib"
[1] "f.gamma_weib"
[1] "msm"
[1] "product"
[1] "joint"
[1] "c.clay"
[1] "c.gumb"
[1] "c.frank"
[1] "f.normal_weib"
[1] "f.gamma_weib"
[1] "msm"
[1] "product"
[1] "joint"
[1] "c.clay"
[1] "c.gumb"
[1] "c.frank"
[1] "f.normal_weib"
[1] "f.gamma_weib"
[1] "msm"
[1] "product"
[1] "joint"
[1] "c.clay"
[1] "c.gumb"
[1] "c.frank"
[1] "f.normal_weib"
[1] "f.gamma_weib"
[1] "msm"
[1] "product"
[1] "joint"
[1] "c.clay"
[1] "c.gumb"
[1] "c.frank"
[1] "f.normal_weib"
[1] "f.gamma_weib"
[1] "msm"
[1] "product"
[1] "joint"
[1] "c.clay"
[1] "c.gumb"
[1] "c.frank"
[1] "f.normal_weib"
[1] "f.gamma_weib"
[1] "msm"
[1] "product"
[1] "joint"
[1] "c.clay"
[1] "c.gumb"
[1] "c.frank"
[1] "f.normal_weib"
[1] "f.gamma_weib"
[1] "msm"
[1] "product"
[1] "joint"
[1] "c.clay"
[1] "c.gumb"
[1] "c.frank"
[1] "f.normal_weib"
[1] "f.gamma_weib"
[1] "msm"
[1] "product"
[1] "joint"
[1] "c.clay"
[1] "c.gumb"
[1] "c.frank"
[1] "f.normal_weib"
[1] "f.gamma_weib"
[1] "msm"
[1] "product"
[1] "joint"
[1] "c.clay"
[1] "c.gumb"
[1] "c.frank"
[1] "f.normal_weib"
[1] "f.gamma_weib"
[1] "msm"
[1] "product"
[1] "joint"
[1] "c.clay"
[1] "c.gumb"
[1] "c.frank"
[1] "f.normal_weib"
[1] "f.gamma_weib"
[1] "msm"
[1] "product"
[1] "joint"
[1] "c.clay"
[1] "c.gumb"
[1] "c.frank"
[1] "f.normal_weib"
[1] "f.gamma_weib"
[1] "msm"
[1] "product"
[1] "joint"
[1] "c.clay"
[1] "c.gumb"
[1] "c.frank"
[1] "f.normal_weib"
[1] "f.gamma_weib"
[1] "msm"
[1] "product"
[1] "joint"
[1] "c.clay"
[1] "c.gumb"
[1] "c.frank"
[1] "f.normal_weib"
[1] "f.gamma_weib"
[1] "msm"
[1] "product"
[1] "joint"
[1] "c.clay"
[1] "c.gumb"
[1] "c.frank"
[1] "f.normal_weib"
[1] "f.gamma_weib"
[1] "msm"
[1] "product"
[1] "joint"
[1] "c.clay"
[1] "c.gumb"
[1] "c.frank"
[1] "f.normal_weib"
[1] "f.gamma_weib"
[1] "msm"
[1] "product"
[1] "joint"
[1] "c.clay"
[1] "c.gumb"
[1] "c.frank"
[1] "f.normal_weib"
[1] "f.gamma_weib"
[1] "msm"
[1] "product"
[1] "joint"
[1] "c.clay"
[1] "c.gumb"
[1] "c.frank"
[1] "f.normal_weib"
[1] "f.gamma_weib"
[1] "msm"
[1] "product"
[1] "joint"
[1] "c.clay"
[1] "c.gumb"
[1] "c.frank"
[1] "f.normal_weib"
[1] "f.gamma_weib"
[1] "msm"
[1] "product"
[1] "joint"
[1] "c.clay"
[1] "c.gumb"
[1] "c.frank"
[1] "f.normal_weib"
[1] "f.gamma_weib"
[1] "msm"
[1] "product"
[1] "joint"
[1] "c.clay"
[1] "c.gumb"
[1] "c.frank"
[1] "f.normal_weib"
[1] "f.gamma_weib"
[1] "msm"
[1] "product"
[1] "joint"
[1] "c.clay"
[1] "c.gumb"
[1] "c.frank"
[1] "f.normal_weib"
[1] "f.gamma_weib"
[1] "msm"
[1] "product"
[1] "joint"
[1] "c.clay"
[1] "c.gumb"
[1] "c.frank"
[1] "f.normal_weib"
[1] "f.gamma_weib"
[1] "msm"
[1] "product"
[1] "joint"
[1] "c.clay"
[1] "c.gumb"
[1] "c.frank"
[1] "f.normal_weib"
[1] "f.gamma_weib"
[1] "msm"
[1] "product"
[1] "joint"
[1] "c.clay"
[1] "c.gumb"
[1] "c.frank"
[1] "f.normal_weib"
[1] "f.gamma_weib"
[1] "msm"
[1] "product"
[1] "joint"
[1] "c.clay"
[1] "c.gumb"
[1] "c.frank"
[1] "f.normal_weib"
[1] "f.gamma_weib"
[1] "msm"
[1] "product"
[1] "joint"
[1] "c.clay"
[1] "c.gumb"
[1] "c.frank"
[1] "f.normal_weib"
[1] "f.gamma_weib"
[1] "msm"
[1] "product"
[1] "joint"
[1] "c.clay"
[1] "c.gumb"
[1] "c.frank"
[1] "f.normal_weib"
[1] "f.gamma_weib"
[1] "msm"
[1] "product"
[1] "joint"
[1] "c.clay"
[1] "c.gumb"
[1] "c.frank"
[1] "f.normal_weib"
[1] "f.gamma_weib"
[1] "msm"
[1] "product"
[1] "joint"
[1] "c.clay"
[1] "c.gumb"
[1] "c.frank"
[1] "f.normal_weib"
[1] "f.gamma_weib"
[1] "msm"
[1] "product"
[1] "joint"
[1] "c.clay"
[1] "c.gumb"
[1] "c.frank"
[1] "f.normal_weib"
[1] "f.gamma_weib"
[1] "msm"
[1] "product"
[1] "joint"
[1] "c.clay"
[1] "c.gumb"
[1] "c.frank"
[1] "f.normal_weib"
[1] "f.gamma_weib"
[1] "msm"
[1] "product"
[1] "joint"
[1] "c.clay"
[1] "c.gumb"
[1] "c.frank"
[1] "f.normal_weib"
[1] "f.gamma_weib"
[1] "msm"
[1] "product"
[1] "joint"
[1] "c.clay"
[1] "c.gumb"
[1] "c.frank"
[1] "f.normal_weib"
[1] "f.gamma_weib"
[1] "msm"
[1] "product"
[1] "joint"
[1] "c.clay"
[1] "c.gumb"
[1] "c.frank"
[1] "f.normal_weib"
[1] "f.gamma_weib"
[1] "msm"
[1] "product"
[1] "joint"
[1] "c.clay"
[1] "c.gumb"
[1] "c.frank"
[1] "f.normal_weib"
[1] "f.gamma_weib"
[1] "msm"
[1] "product"
[1] "joint"
[1] "c.clay"
[1] "c.gumb"
[1] "c.frank"
[1] "f.normal_weib"
[1] "f.gamma_weib"
[1] "msm"
[1] "product"
[1] "joint"
[1] "c.clay"
[1] "c.gumb"
[1] "c.frank"
[1] "f.normal_weib"
[1] "f.gamma_weib"
[1] "msm"
[1] "product"
[1] "joint"
[1] "c.clay"
[1] "c.gumb"
[1] "c.frank"
[1] "f.normal_weib"
[1] "f.gamma_weib"
[1] "msm"
[1] "product"
[1] "joint"
[1] "c.clay"
[1] "c.gumb"
[1] "c.frank"
[1] "f.normal_weib"
[1] "f.gamma_weib"
[1] "msm"
[1] "product"
[1] "joint"
[1] "c.clay"
[1] "c.gumb"
[1] "c.frank"
[1] "f.normal_weib"
[1] "f.gamma_weib"
[1] "msm"
[1] "product"
[1] "joint"
[1] "c.clay"
[1] "c.gumb"
[1] "c.frank"
[1] "f.normal_weib"
[1] "f.gamma_weib"
[1] "msm"
[1] "product"
[1] "joint"
[1] "c.clay"
[1] "c.gumb"
[1] "c.frank"
[1] "f.normal_weib"
[1] "f.gamma_weib"
[1] "msm"
[1] "product"
[1] "joint"
[1] "c.clay"
[1] "c.gumb"
[1] "c.frank"
[1] "f.normal_weib"
[1] "f.gamma_weib"
[1] "msm"
[1] "product"
[1] "joint"
[1] "c.clay"
[1] "c.gumb"
[1] "c.frank"
[1] "f.normal_weib"
[1] "f.gamma_weib"
[1] "msm"
[1] "product"
[1] "joint"
[1] "c.clay"
[1] "c.gumb"
[1] "c.frank"
[1] "f.normal_weib"
[1] "f.gamma_weib"
[1] "msm"
[1] "product"
[1] "joint"
[1] "c.clay"
[1] "c.gumb"
[1] "c.frank"
[1] "f.normal_weib"
[1] "f.gamma_weib"
[1] "msm"
[1] "product"
[1] "joint"
[1] "c.clay"
[1] "c.gumb"
[1] "c.frank"
[1] "f.normal_weib"
[1] "f.gamma_weib"
[1] "msm"
[1] "product"
[1] "joint"
[1] "c.clay"
[1] "c.gumb"
[1] "c.frank"
[1] "f.normal_weib"
[1] "f.gamma_weib"
[1] "msm"
[1] "product"
[1] "joint"
[1] "c.clay"
[1] "c.gumb"
[1] "c.frank"
[1] "f.normal_weib"
[1] "f.gamma_weib"
[1] "msm"
[1] "product"
[1] "joint"
[1] "c.clay"
[1] "c.gumb"
[1] "c.frank"
[1] "f.normal_weib"
[1] "f.gamma_weib"
[1] "msm"
[1] "product"
[1] "joint"
[1] "c.clay"
[1] "c.gumb"
[1] "c.frank"
[1] "f.normal_weib"
[1] "f.gamma_weib"
[1] "msm"
[1] "product"
[1] "joint"
[1] "c.clay"
[1] "c.gumb"
[1] "c.frank"
[1] "f.normal_weib"
[1] "f.gamma_weib"
[1] "msm"
[1] "product"
[1] "joint"
[1] "c.clay"
[1] "c.gumb"
[1] "c.frank"
[1] "f.normal_weib"
[1] "f.gamma_weib"
[1] "msm"
[1] "product"
[1] "joint"
[1] "c.clay"
[1] "c.gumb"
[1] "c.frank"
[1] "f.normal_weib"
[1] "f.gamma_weib"
[1] "msm"
[1] "product"
[1] "joint"
[1] "c.clay"
[1] "c.gumb"
[1] "c.frank"
[1] "f.normal_weib"
[1] "f.gamma_weib"
[1] "msm"
[1] "product"
[1] "joint"
[1] "c.clay"
[1] "c.gumb"
[1] "c.frank"
[1] "f.normal_weib"
[1] "f.gamma_weib"
[1] "msm"
[1] "product"
[1] "joint"
[1] "c.clay"
[1] "c.gumb"
[1] "c.frank"
[1] "f.normal_weib"
[1] "f.gamma_weib"
[1] "msm"
[1] "product"
[1] "joint"
[1] "c.clay"
[1] "c.gumb"
[1] "c.frank"
[1] "f.normal_weib"
[1] "f.gamma_weib"
[1] "msm"
[1] "product"
[1] "joint"
[1] "c.clay"
[1] "c.gumb"
[1] "c.frank"
[1] "f.normal_weib"
[1] "f.gamma_weib"
[1] "msm"
[1] "product"
[1] "joint"
[1] "c.clay"
[1] "c.gumb"
[1] "c.frank"
[1] "f.normal_weib"
[1] "f.gamma_weib"
[1] "msm"
[1] "product"
[1] "joint"
[1] "c.clay"
[1] "c.gumb"
[1] "c.frank"
[1] "f.normal_weib"
[1] "f.gamma_weib"
[1] "msm"
[1] "product"
[1] "joint"
[1] "c.clay"
[1] "c.gumb"
[1] "c.frank"
[1] "f.normal_weib"
[1] "f.gamma_weib"
[1] "msm"
[1] "product"
[1] "joint"
[1] "c.clay"
[1] "c.gumb"
[1] "c.frank"
[1] "f.normal_weib"
[1] "f.gamma_weib"
[1] "msm"
[1] "product"
[1] "joint"
[1] "c.clay"
[1] "c.gumb"
[1] "c.frank"
[1] "f.normal_weib"
[1] "f.gamma_weib"
[1] "msm"
[1] "product"
[1] "joint"
[1] "c.clay"
[1] "c.gumb"
[1] "c.frank"
[1] "f.normal_weib"
[1] "f.gamma_weib"
[1] "msm"
[1] "product"
[1] "joint"
[1] "c.clay"
[1] "c.gumb"
[1] "c.frank"
[1] "f.normal_weib"
[1] "f.gamma_weib"
[1] "msm"
[1] "product"
[1] "joint"
[1] "c.clay"
[1] "c.gumb"
[1] "c.frank"
[1] "f.normal_weib"
[1] "f.gamma_weib"
[1] "msm"
[1] "product"
[1] "joint"
[1] "c.clay"
[1] "c.gumb"
[1] "c.frank"
[1] "f.normal_weib"
[1] "f.gamma_weib"
[1] "msm"
[1] "product"
[1] "joint"
[1] "c.clay"
[1] "c.gumb"
[1] "c.frank"
[1] "f.normal_weib"
[1] "f.gamma_weib"
[1] "msm"
[1] "product"
[1] "joint"
[1] "c.clay"
[1] "c.gumb"
[1] "c.frank"
[1] "f.normal_weib"
[1] "f.gamma_weib"
[1] "msm"
[1] "product"
[1] "joint"
[1] "c.clay"
[1] "c.gumb"
[1] "c.frank"
[1] "f.normal_weib"
[1] "f.gamma_weib"
[1] "msm"
[1] "product"
[1] "joint"
[1] "c.clay"
[1] "c.gumb"
[1] "c.frank"
[1] "f.normal_weib"
[1] "f.gamma_weib"
[1] "msm"
[1] "product"
[1] "joint"
[1] "c.clay"
[1] "c.gumb"
[1] "c.frank"
[1] "f.normal_weib"
[1] "f.gamma_weib"
[1] "msm"
[1] "product"
[1] "joint"
[1] "c.clay"
[1] "c.gumb"
[1] "c.frank"
[1] "f.normal_weib"
[1] "f.gamma_weib"
There were 50 or more warnings (use warnings() to see the first 50)
Warning messages:
1: Removed 168 row(s) containing missing values (geom_path).
2: Removed 168 row(s) containing missing values (geom_path).
3: Removed 168 row(s) containing missing values (geom_path).
4: Removed 364 row(s) containing missing values (geom_path).
5: Removed 168 row(s) containing missing values (geom_path).
6: Removed 168 row(s) containing missing values (geom_path).
7: Removed 168 row(s) containing missing values (geom_path).
8: Removed 170 row(s) containing missing values (geom_path).
9: Removed 170 row(s) containing missing values (geom_path).
10: Removed 221 row(s) containing missing values (geom_path).
11: Removed 262 row(s) containing missing values (geom_path).
12: Removed 168 row(s) containing missing values (geom_path).
13: Removed 168 row(s) containing missing values (geom_path).
14: Removed 363 row(s) containing missing values (geom_path).
15: Removed 168 row(s) containing missing values (geom_path).
16: Removed 168 row(s) containing missing values (geom_path).
17: Removed 168 row(s) containing missing values (geom_path).
18: Removed 168 row(s) containing missing values (geom_path).
19: Removed 168 row(s) containing missing values (geom_path).
20: Removed 168 row(s) containing missing values (geom_path).
21: Removed 168 row(s) containing missing values (geom_path).
22: Removed 168 row(s) containing missing values (geom_path).
23: Removed 168 row(s) containing missing values (geom_path).
24: Removed 168 row(s) containing missing values (geom_path).
25: Removed 168 row(s) containing missing values (geom_path).
26: Removed 168 row(s) containing missing values (geom_path).
27: Removed 168 row(s) containing missing values (geom_path).
28: Removed 168 row(s) containing missing values (geom_path).
29: Removed 168 row(s) containing missing values (geom_path).
30: Removed 168 row(s) containing missing values (geom_path).
31: Removed 168 row(s) containing missing values (geom_path).
32: Removed 168 row(s) containing missing values (geom_path).
33: Removed 168 row(s) containing missing values (geom_path).
34: Removed 168 row(s) containing missing values (geom_path).
35: Removed 168 row(s) containing missing values (geom_path).
36: Removed 168 row(s) containing missing values (geom_path).
37: Removed 168 row(s) containing missing values (geom_path).
38: Removed 168 row(s) containing missing values (geom_path).
39: Removed 168 row(s) containing missing values (geom_path).
40: Removed 168 row(s) containing missing values (geom_path).
41: Removed 168 row(s) containing missing values (geom_path).
42: Removed 168 row(s) containing missing values (geom_path).
43: Removed 168 row(s) containing missing values (geom_path).
44: Removed 168 row(s) containing missing values (geom_path).
45: Removed 168 row(s) containing missing values (geom_path).
46: Removed 168 row(s) containing missing values (geom_path).
47: Removed 168 row(s) containing missing values (geom_path).
48: Removed 168 row(s) containing missing values (geom_path).
49: Removed 168 row(s) containing missing values (geom_path).
50: Removed 168 row(s) containing missing values (geom_path).
