
Attaching package: ‘dplyr’

The following objects are masked from ‘package:stats’:

    filter, lag

The following objects are masked from ‘package:base’:

    intersect, setdiff, setequal, union

Loading required package: boot

Attaching package: ‘boot’

The following object is masked from ‘package:survival’:

    aml

Loading required package: MASS

Attaching package: ‘MASS’

The following object is masked from ‘package:dplyr’:

    select

Loading required package: survC1
Loading required package: doBy

Attaching package: ‘doBy’

The following object is masked from ‘package:dplyr’:

    order_by


Attaching package: ‘frailtypack’

The following object is masked from ‘package:survival’:

    cluster

Loading required package: mgcv
Loading required package: nlme

Attaching package: ‘nlme’

The following object is masked from ‘package:dplyr’:

    collapse

This is mgcv 1.8-38. For overview type 'help("mgcv-package")'.

This is GJRM 0.2-5.1.
For overview type 'help("GJRM-package")'.

Loading required package: lattice

Attaching package: ‘lattice’

The following object is masked from ‘package:boot’:

    melanoma

Loading required package: Formula
Loading required package: ggplot2

Attaching package: ‘Hmisc’

The following objects are masked from ‘package:dplyr’:

    src, summarize

The following objects are masked from ‘package:base’:

    format.pval, units

Loading required package: SparseM

Attaching package: ‘SparseM’

The following object is masked from ‘package:base’:

    backsolve

[1] "DGM.in =  c.clay n.devel.sim =  1000 iter =  1 2023-01-25 11:10:54"
[1] "DGM.in =  c.clay n.devel.sim =  1000 iter =  2 2023-01-25 11:10:55"
[1] "DGM.in =  c.clay n.devel.sim =  1000 iter =  3 2023-01-25 11:10:55"
[1] "DGM.in =  c.clay n.devel.sim =  1000 iter =  4 2023-01-25 11:10:56"
[1] "DGM.in =  c.clay n.devel.sim =  1000 iter =  5 2023-01-25 11:10:56"
[1] "DGM.in =  c.clay n.devel.sim =  1000 iter =  6 2023-01-25 11:10:57"
[1] "DGM.in =  c.clay n.devel.sim =  1000 iter =  7 2023-01-25 11:10:57"
[1] "DGM.in =  c.clay n.devel.sim =  1000 iter =  8 2023-01-25 11:10:58"
[1] "DGM.in =  c.clay n.devel.sim =  1000 iter =  9 2023-01-25 11:10:58"
[1] "DGM.in =  c.clay n.devel.sim =  1000 iter =  10 2023-01-25 11:10:58"
[1] "DGM.in =  c.clay n.devel.sim =  1000 iter =  11 2023-01-25 11:10:59"
[1] "DGM.in =  c.clay n.devel.sim =  1000 iter =  12 2023-01-25 11:10:59"
[1] "DGM.in =  c.clay n.devel.sim =  1000 iter =  13 2023-01-25 11:11:00"
[1] "DGM.in =  c.clay n.devel.sim =  1000 iter =  14 2023-01-25 11:11:00"
[1] "DGM.in =  c.clay n.devel.sim =  1000 iter =  15 2023-01-25 11:11:01"
[1] "DGM.in =  c.clay n.devel.sim =  1000 iter =  16 2023-01-25 11:11:01"
[1] "DGM.in =  c.clay n.devel.sim =  1000 iter =  17 2023-01-25 11:11:01"
[1] "DGM.in =  c.clay n.devel.sim =  1000 iter =  18 2023-01-25 11:11:02"
[1] "DGM.in =  c.clay n.devel.sim =  1000 iter =  19 2023-01-25 11:11:02"
[1] "DGM.in =  c.clay n.devel.sim =  1000 iter =  20 2023-01-25 11:11:03"
[1] "DGM.in =  c.clay n.devel.sim =  1000 iter =  21 2023-01-25 11:11:03"
[1] "DGM.in =  c.clay n.devel.sim =  1000 iter =  22 2023-01-25 11:11:04"
[1] "DGM.in =  c.clay n.devel.sim =  1000 iter =  23 2023-01-25 11:11:04"
[1] "DGM.in =  c.clay n.devel.sim =  1000 iter =  24 2023-01-25 11:11:05"
[1] "DGM.in =  c.clay n.devel.sim =  1000 iter =  25 2023-01-25 11:11:05"
[1] "DGM.in =  c.clay n.devel.sim =  1000 iter =  26 2023-01-25 11:11:06"
[1] "DGM.in =  c.clay n.devel.sim =  1000 iter =  27 2023-01-25 11:11:06"
[1] "DGM.in =  c.clay n.devel.sim =  1000 iter =  28 2023-01-25 11:11:07"
[1] "DGM.in =  c.clay n.devel.sim =  1000 iter =  29 2023-01-25 11:11:07"
[1] "DGM.in =  c.clay n.devel.sim =  1000 iter =  30 2023-01-25 11:11:08"
[1] "DGM.in =  c.clay n.devel.sim =  1000 iter =  31 2023-01-25 11:11:08"
[1] "DGM.in =  c.clay n.devel.sim =  1000 iter =  32 2023-01-25 11:11:09"
[1] "DGM.in =  c.clay n.devel.sim =  1000 iter =  33 2023-01-25 11:11:09"
[1] "DGM.in =  c.clay n.devel.sim =  1000 iter =  34 2023-01-25 11:11:09"
[1] "DGM.in =  c.clay n.devel.sim =  1000 iter =  35 2023-01-25 11:11:10"
[1] "DGM.in =  c.clay n.devel.sim =  1000 iter =  36 2023-01-25 11:11:10"
[1] "DGM.in =  c.clay n.devel.sim =  1000 iter =  37 2023-01-25 11:11:11"
[1] "DGM.in =  c.clay n.devel.sim =  1000 iter =  38 2023-01-25 11:11:11"
[1] "DGM.in =  c.clay n.devel.sim =  1000 iter =  39 2023-01-25 11:11:12"
[1] "DGM.in =  c.clay n.devel.sim =  1000 iter =  40 2023-01-25 11:11:12"
[1] "DGM.in =  c.clay n.devel.sim =  1000 iter =  41 2023-01-25 11:11:12"
[1] "DGM.in =  c.clay n.devel.sim =  1000 iter =  42 2023-01-25 11:11:13"
[1] "DGM.in =  c.clay n.devel.sim =  1000 iter =  43 2023-01-25 11:11:13"
[1] "DGM.in =  c.clay n.devel.sim =  1000 iter =  44 2023-01-25 11:11:14"
[1] "DGM.in =  c.clay n.devel.sim =  1000 iter =  45 2023-01-25 11:11:14"
[1] "DGM.in =  c.clay n.devel.sim =  1000 iter =  46 2023-01-25 11:11:15"
[1] "DGM.in =  c.clay n.devel.sim =  1000 iter =  47 2023-01-25 11:11:15"
[1] "DGM.in =  c.clay n.devel.sim =  1000 iter =  48 2023-01-25 11:11:16"
[1] "DGM.in =  c.clay n.devel.sim =  1000 iter =  49 2023-01-25 11:11:16"
[1] "DGM.in =  c.clay n.devel.sim =  1000 iter =  50 2023-01-25 11:11:16"
[1] "DGM.in =  c.clay n.devel.sim =  1000 iter =  51 2023-01-25 11:11:17"
[1] "DGM.in =  c.clay n.devel.sim =  1000 iter =  52 2023-01-25 11:11:17"
[1] "DGM.in =  c.clay n.devel.sim =  1000 iter =  53 2023-01-25 11:11:18"
[1] "DGM.in =  c.clay n.devel.sim =  1000 iter =  54 2023-01-25 11:11:18"
[1] "DGM.in =  c.clay n.devel.sim =  1000 iter =  55 2023-01-25 11:11:18"
[1] "DGM.in =  c.clay n.devel.sim =  1000 iter =  56 2023-01-25 11:11:19"
[1] "DGM.in =  c.clay n.devel.sim =  1000 iter =  57 2023-01-25 11:11:19"
[1] "DGM.in =  c.clay n.devel.sim =  1000 iter =  58 2023-01-25 11:11:20"
[1] "DGM.in =  c.clay n.devel.sim =  1000 iter =  59 2023-01-25 11:11:20"
[1] "DGM.in =  c.clay n.devel.sim =  1000 iter =  60 2023-01-25 11:11:21"
[1] "DGM.in =  c.clay n.devel.sim =  1000 iter =  61 2023-01-25 11:11:21"
[1] "DGM.in =  c.clay n.devel.sim =  1000 iter =  62 2023-01-25 11:11:22"
[1] "DGM.in =  c.clay n.devel.sim =  1000 iter =  63 2023-01-25 11:11:22"
[1] "DGM.in =  c.clay n.devel.sim =  1000 iter =  64 2023-01-25 11:11:22"
[1] "DGM.in =  c.clay n.devel.sim =  1000 iter =  65 2023-01-25 11:11:23"
[1] "DGM.in =  c.clay n.devel.sim =  1000 iter =  66 2023-01-25 11:11:23"
[1] "DGM.in =  c.clay n.devel.sim =  1000 iter =  67 2023-01-25 11:11:24"
[1] "DGM.in =  c.clay n.devel.sim =  1000 iter =  68 2023-01-25 11:11:24"
[1] "DGM.in =  c.clay n.devel.sim =  1000 iter =  69 2023-01-25 11:11:25"
[1] "DGM.in =  c.clay n.devel.sim =  1000 iter =  70 2023-01-25 11:11:25"
[1] "DGM.in =  c.clay n.devel.sim =  1000 iter =  71 2023-01-25 11:11:25"
[1] "DGM.in =  c.clay n.devel.sim =  1000 iter =  72 2023-01-25 11:11:26"
[1] "DGM.in =  c.clay n.devel.sim =  1000 iter =  73 2023-01-25 11:11:26"
[1] "DGM.in =  c.clay n.devel.sim =  1000 iter =  74 2023-01-25 11:11:27"
[1] "DGM.in =  c.clay n.devel.sim =  1000 iter =  75 2023-01-25 11:11:27"
[1] "DGM.in =  c.clay n.devel.sim =  1000 iter =  76 2023-01-25 11:11:28"
[1] "DGM.in =  c.clay n.devel.sim =  1000 iter =  77 2023-01-25 11:11:28"
[1] "DGM.in =  c.clay n.devel.sim =  1000 iter =  78 2023-01-25 11:11:28"
[1] "DGM.in =  c.clay n.devel.sim =  1000 iter =  79 2023-01-25 11:11:29"
[1] "DGM.in =  c.clay n.devel.sim =  1000 iter =  80 2023-01-25 11:11:29"
[1] "DGM.in =  c.clay n.devel.sim =  1000 iter =  81 2023-01-25 11:11:30"
[1] "DGM.in =  c.clay n.devel.sim =  1000 iter =  82 2023-01-25 11:11:30"
[1] "DGM.in =  c.clay n.devel.sim =  1000 iter =  83 2023-01-25 11:11:31"
[1] "DGM.in =  c.clay n.devel.sim =  1000 iter =  84 2023-01-25 11:11:31"
[1] "DGM.in =  c.clay n.devel.sim =  1000 iter =  85 2023-01-25 11:11:32"
[1] "DGM.in =  c.clay n.devel.sim =  1000 iter =  86 2023-01-25 11:11:32"
[1] "DGM.in =  c.clay n.devel.sim =  1000 iter =  87 2023-01-25 11:11:32"
[1] "DGM.in =  c.clay n.devel.sim =  1000 iter =  88 2023-01-25 11:11:33"
[1] "DGM.in =  c.clay n.devel.sim =  1000 iter =  89 2023-01-25 11:11:33"
[1] "DGM.in =  c.clay n.devel.sim =  1000 iter =  90 2023-01-25 11:11:34"
[1] "DGM.in =  c.clay n.devel.sim =  1000 iter =  91 2023-01-25 11:11:34"
[1] "DGM.in =  c.clay n.devel.sim =  1000 iter =  92 2023-01-25 11:11:35"
[1] "DGM.in =  c.clay n.devel.sim =  1000 iter =  93 2023-01-25 11:11:35"
[1] "DGM.in =  c.clay n.devel.sim =  1000 iter =  94 2023-01-25 11:11:35"
[1] "DGM.in =  c.clay n.devel.sim =  1000 iter =  95 2023-01-25 11:11:36"
[1] "DGM.in =  c.clay n.devel.sim =  1000 iter =  96 2023-01-25 11:11:36"
[1] "DGM.in =  c.clay n.devel.sim =  1000 iter =  97 2023-01-25 11:11:37"
[1] "DGM.in =  c.clay n.devel.sim =  1000 iter =  98 2023-01-25 11:11:37"
[1] "DGM.in =  c.clay n.devel.sim =  1000 iter =  99 2023-01-25 11:11:38"
[1] "DGM.in =  c.clay n.devel.sim =  1000 iter =  100 2023-01-25 11:11:38"
[1] "DGM.in =  c.clay n.devel.sim =  1000 iter =  101 2023-01-25 11:11:38"
[1] "DGM.in =  c.clay n.devel.sim =  1000 iter =  102 2023-01-25 11:11:39"
[1] "DGM.in =  c.clay n.devel.sim =  1000 iter =  103 2023-01-25 11:11:39"
[1] "DGM.in =  c.clay n.devel.sim =  1000 iter =  104 2023-01-25 11:11:40"
[1] "DGM.in =  c.clay n.devel.sim =  1000 iter =  105 2023-01-25 11:11:40"
[1] "DGM.in =  c.clay n.devel.sim =  1000 iter =  106 2023-01-25 11:11:41"
[1] "DGM.in =  c.clay n.devel.sim =  1000 iter =  107 2023-01-25 11:11:41"
[1] "DGM.in =  c.clay n.devel.sim =  1000 iter =  108 2023-01-25 11:11:41"
[1] "DGM.in =  c.clay n.devel.sim =  1000 iter =  109 2023-01-25 11:11:42"
[1] "DGM.in =  c.clay n.devel.sim =  1000 iter =  110 2023-01-25 11:11:42"
[1] "DGM.in =  c.clay n.devel.sim =  1000 iter =  111 2023-01-25 11:11:43"
[1] "DGM.in =  c.clay n.devel.sim =  1000 iter =  112 2023-01-25 11:11:43"
[1] "DGM.in =  c.clay n.devel.sim =  1000 iter =  113 2023-01-25 11:11:44"
[1] "DGM.in =  c.clay n.devel.sim =  1000 iter =  114 2023-01-25 11:11:44"
[1] "DGM.in =  c.clay n.devel.sim =  1000 iter =  115 2023-01-25 11:11:44"
[1] "DGM.in =  c.clay n.devel.sim =  1000 iter =  116 2023-01-25 11:11:45"
[1] "DGM.in =  c.clay n.devel.sim =  1000 iter =  117 2023-01-25 11:11:45"
[1] "DGM.in =  c.clay n.devel.sim =  1000 iter =  118 2023-01-25 11:11:46"
[1] "DGM.in =  c.clay n.devel.sim =  1000 iter =  119 2023-01-25 11:11:46"
[1] "DGM.in =  c.clay n.devel.sim =  1000 iter =  120 2023-01-25 11:11:47"
[1] "DGM.in =  c.clay n.devel.sim =  1000 iter =  121 2023-01-25 11:11:47"
[1] "DGM.in =  c.clay n.devel.sim =  1000 iter =  122 2023-01-25 11:11:48"
[1] "DGM.in =  c.clay n.devel.sim =  1000 iter =  123 2023-01-25 11:11:48"
[1] "DGM.in =  c.clay n.devel.sim =  1000 iter =  124 2023-01-25 11:11:48"
[1] "DGM.in =  c.clay n.devel.sim =  1000 iter =  125 2023-01-25 11:11:49"
[1] "DGM.in =  c.clay n.devel.sim =  1000 iter =  126 2023-01-25 11:11:49"
[1] "DGM.in =  c.clay n.devel.sim =  1000 iter =  127 2023-01-25 11:11:50"
[1] "DGM.in =  c.clay n.devel.sim =  1000 iter =  128 2023-01-25 11:11:50"
[1] "DGM.in =  c.clay n.devel.sim =  1000 iter =  129 2023-01-25 11:11:51"
[1] "DGM.in =  c.clay n.devel.sim =  1000 iter =  130 2023-01-25 11:11:51"
[1] "DGM.in =  c.clay n.devel.sim =  1000 iter =  131 2023-01-25 11:11:51"
[1] "DGM.in =  c.clay n.devel.sim =  1000 iter =  132 2023-01-25 11:11:52"
[1] "DGM.in =  c.clay n.devel.sim =  1000 iter =  133 2023-01-25 11:11:52"
[1] "DGM.in =  c.clay n.devel.sim =  1000 iter =  134 2023-01-25 11:11:53"
[1] "DGM.in =  c.clay n.devel.sim =  1000 iter =  135 2023-01-25 11:11:53"
[1] "DGM.in =  c.clay n.devel.sim =  1000 iter =  136 2023-01-25 11:11:54"
[1] "DGM.in =  c.clay n.devel.sim =  1000 iter =  137 2023-01-25 11:11:54"
[1] "DGM.in =  c.clay n.devel.sim =  1000 iter =  138 2023-01-25 11:11:55"
[1] "DGM.in =  c.clay n.devel.sim =  1000 iter =  139 2023-01-25 11:11:55"
[1] "DGM.in =  c.clay n.devel.sim =  1000 iter =  140 2023-01-25 11:11:55"
[1] "DGM.in =  c.clay n.devel.sim =  1000 iter =  141 2023-01-25 11:11:56"
[1] "DGM.in =  c.clay n.devel.sim =  1000 iter =  142 2023-01-25 11:11:56"
[1] "DGM.in =  c.clay n.devel.sim =  1000 iter =  143 2023-01-25 11:11:57"
[1] "DGM.in =  c.clay n.devel.sim =  1000 iter =  144 2023-01-25 11:11:57"
[1] "DGM.in =  c.clay n.devel.sim =  1000 iter =  145 2023-01-25 11:11:58"
[1] "DGM.in =  c.clay n.devel.sim =  1000 iter =  146 2023-01-25 11:11:58"
[1] "DGM.in =  c.clay n.devel.sim =  1000 iter =  147 2023-01-25 11:11:58"
[1] "DGM.in =  c.clay n.devel.sim =  1000 iter =  148 2023-01-25 11:11:59"
[1] "DGM.in =  c.clay n.devel.sim =  1000 iter =  149 2023-01-25 11:11:59"
[1] "DGM.in =  c.clay n.devel.sim =  1000 iter =  150 2023-01-25 11:12:00"
[1] "DGM.in =  c.clay n.devel.sim =  1000 iter =  151 2023-01-25 11:12:00"
[1] "DGM.in =  c.clay n.devel.sim =  1000 iter =  152 2023-01-25 11:12:01"
[1] "DGM.in =  c.clay n.devel.sim =  1000 iter =  153 2023-01-25 11:12:01"
[1] "DGM.in =  c.clay n.devel.sim =  1000 iter =  154 2023-01-25 11:12:02"
[1] "DGM.in =  c.clay n.devel.sim =  1000 iter =  155 2023-01-25 11:12:02"
[1] "DGM.in =  c.clay n.devel.sim =  1000 iter =  156 2023-01-25 11:12:02"
[1] "DGM.in =  c.clay n.devel.sim =  1000 iter =  157 2023-01-25 11:12:03"
[1] "DGM.in =  c.clay n.devel.sim =  1000 iter =  158 2023-01-25 11:12:03"
[1] "DGM.in =  c.clay n.devel.sim =  1000 iter =  159 2023-01-25 11:12:04"
[1] "DGM.in =  c.clay n.devel.sim =  1000 iter =  160 2023-01-25 11:12:04"
[1] "DGM.in =  c.clay n.devel.sim =  1000 iter =  161 2023-01-25 11:12:05"
[1] "DGM.in =  c.clay n.devel.sim =  1000 iter =  162 2023-01-25 11:12:05"
[1] "DGM.in =  c.clay n.devel.sim =  1000 iter =  163 2023-01-25 11:12:06"
[1] "DGM.in =  c.clay n.devel.sim =  1000 iter =  164 2023-01-25 11:12:06"
[1] "DGM.in =  c.clay n.devel.sim =  1000 iter =  165 2023-01-25 11:12:06"
[1] "DGM.in =  c.clay n.devel.sim =  1000 iter =  166 2023-01-25 11:12:07"
[1] "DGM.in =  c.clay n.devel.sim =  1000 iter =  167 2023-01-25 11:12:07"
[1] "DGM.in =  c.clay n.devel.sim =  1000 iter =  168 2023-01-25 11:12:08"
[1] "DGM.in =  c.clay n.devel.sim =  1000 iter =  169 2023-01-25 11:12:08"
[1] "DGM.in =  c.clay n.devel.sim =  1000 iter =  170 2023-01-25 11:12:09"
[1] "DGM.in =  c.clay n.devel.sim =  1000 iter =  171 2023-01-25 11:12:09"
[1] "DGM.in =  c.clay n.devel.sim =  1000 iter =  172 2023-01-25 11:12:09"
[1] "DGM.in =  c.clay n.devel.sim =  1000 iter =  173 2023-01-25 11:12:10"
[1] "DGM.in =  c.clay n.devel.sim =  1000 iter =  174 2023-01-25 11:12:10"
[1] "DGM.in =  c.clay n.devel.sim =  1000 iter =  175 2023-01-25 11:12:11"
[1] "DGM.in =  c.clay n.devel.sim =  1000 iter =  176 2023-01-25 11:12:11"
[1] "DGM.in =  c.clay n.devel.sim =  1000 iter =  177 2023-01-25 11:12:12"
[1] "DGM.in =  c.clay n.devel.sim =  1000 iter =  178 2023-01-25 11:12:12"
[1] "DGM.in =  c.clay n.devel.sim =  1000 iter =  179 2023-01-25 11:12:12"
[1] "DGM.in =  c.clay n.devel.sim =  1000 iter =  180 2023-01-25 11:12:13"
[1] "DGM.in =  c.clay n.devel.sim =  1000 iter =  181 2023-01-25 11:12:13"
[1] "DGM.in =  c.clay n.devel.sim =  1000 iter =  182 2023-01-25 11:12:14"
[1] "DGM.in =  c.clay n.devel.sim =  1000 iter =  183 2023-01-25 11:12:14"
[1] "DGM.in =  c.clay n.devel.sim =  1000 iter =  184 2023-01-25 11:12:15"
[1] "DGM.in =  c.clay n.devel.sim =  1000 iter =  185 2023-01-25 11:12:15"
[1] "DGM.in =  c.clay n.devel.sim =  1000 iter =  186 2023-01-25 11:12:15"
[1] "DGM.in =  c.clay n.devel.sim =  1000 iter =  187 2023-01-25 11:12:16"
[1] "DGM.in =  c.clay n.devel.sim =  1000 iter =  188 2023-01-25 11:12:16"
[1] "DGM.in =  c.clay n.devel.sim =  1000 iter =  189 2023-01-25 11:12:17"
[1] "DGM.in =  c.clay n.devel.sim =  1000 iter =  190 2023-01-25 11:12:17"
[1] "DGM.in =  c.clay n.devel.sim =  1000 iter =  191 2023-01-25 11:12:18"
[1] "DGM.in =  c.clay n.devel.sim =  1000 iter =  192 2023-01-25 11:12:18"
[1] "DGM.in =  c.clay n.devel.sim =  1000 iter =  193 2023-01-25 11:12:19"
[1] "DGM.in =  c.clay n.devel.sim =  1000 iter =  194 2023-01-25 11:12:19"
[1] "DGM.in =  c.clay n.devel.sim =  1000 iter =  195 2023-01-25 11:12:19"
[1] "DGM.in =  c.clay n.devel.sim =  1000 iter =  196 2023-01-25 11:12:20"
[1] "DGM.in =  c.clay n.devel.sim =  1000 iter =  197 2023-01-25 11:12:20"
[1] "DGM.in =  c.clay n.devel.sim =  1000 iter =  198 2023-01-25 11:12:21"
[1] "DGM.in =  c.clay n.devel.sim =  1000 iter =  199 2023-01-25 11:12:21"
[1] "DGM.in =  c.clay n.devel.sim =  1000 iter =  200 2023-01-25 11:12:22"
[1] "DGM.in =  c.clay n.devel.sim =  1000 iter =  201 2023-01-25 11:12:22"
[1] "DGM.in =  c.clay n.devel.sim =  1000 iter =  202 2023-01-25 11:12:22"
[1] "DGM.in =  c.clay n.devel.sim =  1000 iter =  203 2023-01-25 11:12:23"
[1] "DGM.in =  c.clay n.devel.sim =  1000 iter =  204 2023-01-25 11:12:23"
[1] "DGM.in =  c.clay n.devel.sim =  1000 iter =  205 2023-01-25 11:12:24"
[1] "DGM.in =  c.clay n.devel.sim =  1000 iter =  206 2023-01-25 11:12:24"
[1] "DGM.in =  c.clay n.devel.sim =  1000 iter =  207 2023-01-25 11:12:25"
[1] "DGM.in =  c.clay n.devel.sim =  1000 iter =  208 2023-01-25 11:12:25"
[1] "DGM.in =  c.clay n.devel.sim =  1000 iter =  209 2023-01-25 11:12:25"
[1] "DGM.in =  c.clay n.devel.sim =  1000 iter =  210 2023-01-25 11:12:26"
[1] "DGM.in =  c.clay n.devel.sim =  1000 iter =  211 2023-01-25 11:12:26"
[1] "DGM.in =  c.clay n.devel.sim =  1000 iter =  212 2023-01-25 11:12:27"
[1] "DGM.in =  c.clay n.devel.sim =  1000 iter =  213 2023-01-25 11:12:27"
[1] "DGM.in =  c.clay n.devel.sim =  1000 iter =  214 2023-01-25 11:12:28"
[1] "DGM.in =  c.clay n.devel.sim =  1000 iter =  215 2023-01-25 11:12:28"
[1] "DGM.in =  c.clay n.devel.sim =  1000 iter =  216 2023-01-25 11:12:29"
[1] "DGM.in =  c.clay n.devel.sim =  1000 iter =  217 2023-01-25 11:12:29"
[1] "DGM.in =  c.clay n.devel.sim =  1000 iter =  218 2023-01-25 11:12:29"
[1] "DGM.in =  c.clay n.devel.sim =  1000 iter =  219 2023-01-25 11:12:30"
[1] "DGM.in =  c.clay n.devel.sim =  1000 iter =  220 2023-01-25 11:12:30"
[1] "DGM.in =  c.clay n.devel.sim =  1000 iter =  221 2023-01-25 11:12:31"
[1] "DGM.in =  c.clay n.devel.sim =  1000 iter =  222 2023-01-25 11:12:31"
[1] "DGM.in =  c.clay n.devel.sim =  1000 iter =  223 2023-01-25 11:12:32"
[1] "DGM.in =  c.clay n.devel.sim =  1000 iter =  224 2023-01-25 11:12:32"
[1] "DGM.in =  c.clay n.devel.sim =  1000 iter =  225 2023-01-25 11:12:33"
[1] "DGM.in =  c.clay n.devel.sim =  1000 iter =  226 2023-01-25 11:12:33"
[1] "DGM.in =  c.clay n.devel.sim =  1000 iter =  227 2023-01-25 11:12:33"
[1] "DGM.in =  c.clay n.devel.sim =  1000 iter =  228 2023-01-25 11:12:34"
[1] "DGM.in =  c.clay n.devel.sim =  1000 iter =  229 2023-01-25 11:12:34"
[1] "DGM.in =  c.clay n.devel.sim =  1000 iter =  230 2023-01-25 11:12:35"
[1] "DGM.in =  c.clay n.devel.sim =  1000 iter =  231 2023-01-25 11:12:35"
[1] "DGM.in =  c.clay n.devel.sim =  1000 iter =  232 2023-01-25 11:12:36"
[1] "DGM.in =  c.clay n.devel.sim =  1000 iter =  233 2023-01-25 11:12:36"
[1] "DGM.in =  c.clay n.devel.sim =  1000 iter =  234 2023-01-25 11:12:36"
[1] "DGM.in =  c.clay n.devel.sim =  1000 iter =  235 2023-01-25 11:12:37"
[1] "DGM.in =  c.clay n.devel.sim =  1000 iter =  236 2023-01-25 11:12:37"
[1] "DGM.in =  c.clay n.devel.sim =  1000 iter =  237 2023-01-25 11:12:38"
[1] "DGM.in =  c.clay n.devel.sim =  1000 iter =  238 2023-01-25 11:12:38"
[1] "DGM.in =  c.clay n.devel.sim =  1000 iter =  239 2023-01-25 11:12:39"
[1] "DGM.in =  c.clay n.devel.sim =  1000 iter =  240 2023-01-25 11:12:39"
[1] "DGM.in =  c.clay n.devel.sim =  1000 iter =  241 2023-01-25 11:12:40"
[1] "DGM.in =  c.clay n.devel.sim =  1000 iter =  242 2023-01-25 11:12:40"
[1] "DGM.in =  c.clay n.devel.sim =  1000 iter =  243 2023-01-25 11:12:40"
[1] "DGM.in =  c.clay n.devel.sim =  1000 iter =  244 2023-01-25 11:12:41"
[1] "DGM.in =  c.clay n.devel.sim =  1000 iter =  245 2023-01-25 11:12:41"
[1] "DGM.in =  c.clay n.devel.sim =  1000 iter =  246 2023-01-25 11:12:42"
[1] "DGM.in =  c.clay n.devel.sim =  1000 iter =  247 2023-01-25 11:12:42"
[1] "DGM.in =  c.clay n.devel.sim =  1000 iter =  248 2023-01-25 11:12:43"
[1] "DGM.in =  c.clay n.devel.sim =  1000 iter =  249 2023-01-25 11:12:43"
[1] "DGM.in =  c.clay n.devel.sim =  1000 iter =  250 2023-01-25 11:12:44"
[1] "DGM.in =  c.clay n.devel.sim =  1000 iter =  251 2023-01-25 11:12:44"
[1] "DGM.in =  c.clay n.devel.sim =  1000 iter =  252 2023-01-25 11:12:44"
[1] "DGM.in =  c.clay n.devel.sim =  1000 iter =  253 2023-01-25 11:12:45"
[1] "DGM.in =  c.clay n.devel.sim =  1000 iter =  254 2023-01-25 11:12:45"
[1] "DGM.in =  c.clay n.devel.sim =  1000 iter =  255 2023-01-25 11:12:46"
[1] "DGM.in =  c.clay n.devel.sim =  1000 iter =  256 2023-01-25 11:12:46"
[1] "DGM.in =  c.clay n.devel.sim =  1000 iter =  257 2023-01-25 11:12:47"
[1] "DGM.in =  c.clay n.devel.sim =  1000 iter =  258 2023-01-25 11:12:47"
[1] "DGM.in =  c.clay n.devel.sim =  1000 iter =  259 2023-01-25 11:12:47"
[1] "DGM.in =  c.clay n.devel.sim =  1000 iter =  260 2023-01-25 11:12:48"
[1] "DGM.in =  c.clay n.devel.sim =  1000 iter =  261 2023-01-25 11:12:48"
[1] "DGM.in =  c.clay n.devel.sim =  1000 iter =  262 2023-01-25 11:12:49"
[1] "DGM.in =  c.clay n.devel.sim =  1000 iter =  263 2023-01-25 11:12:49"
[1] "DGM.in =  c.clay n.devel.sim =  1000 iter =  264 2023-01-25 11:12:50"
[1] "DGM.in =  c.clay n.devel.sim =  1000 iter =  265 2023-01-25 11:12:50"
[1] "DGM.in =  c.clay n.devel.sim =  1000 iter =  266 2023-01-25 11:12:51"
[1] "DGM.in =  c.clay n.devel.sim =  1000 iter =  267 2023-01-25 11:12:51"
[1] "DGM.in =  c.clay n.devel.sim =  1000 iter =  268 2023-01-25 11:12:51"
[1] "DGM.in =  c.clay n.devel.sim =  1000 iter =  269 2023-01-25 11:12:52"
[1] "DGM.in =  c.clay n.devel.sim =  1000 iter =  270 2023-01-25 11:12:52"
[1] "DGM.in =  c.clay n.devel.sim =  1000 iter =  271 2023-01-25 11:12:53"
[1] "DGM.in =  c.clay n.devel.sim =  1000 iter =  272 2023-01-25 11:12:53"
[1] "DGM.in =  c.clay n.devel.sim =  1000 iter =  273 2023-01-25 11:12:54"
[1] "DGM.in =  c.clay n.devel.sim =  1000 iter =  274 2023-01-25 11:12:54"
[1] "DGM.in =  c.clay n.devel.sim =  1000 iter =  275 2023-01-25 11:12:55"
[1] "DGM.in =  c.clay n.devel.sim =  1000 iter =  276 2023-01-25 11:12:55"
[1] "DGM.in =  c.clay n.devel.sim =  1000 iter =  277 2023-01-25 11:12:55"
[1] "DGM.in =  c.clay n.devel.sim =  1000 iter =  278 2023-01-25 11:12:56"
[1] "DGM.in =  c.clay n.devel.sim =  1000 iter =  279 2023-01-25 11:12:56"
[1] "DGM.in =  c.clay n.devel.sim =  1000 iter =  280 2023-01-25 11:12:57"
[1] "DGM.in =  c.clay n.devel.sim =  1000 iter =  281 2023-01-25 11:12:57"
[1] "DGM.in =  c.clay n.devel.sim =  1000 iter =  282 2023-01-25 11:12:58"
[1] "DGM.in =  c.clay n.devel.sim =  1000 iter =  283 2023-01-25 11:12:58"
[1] "DGM.in =  c.clay n.devel.sim =  1000 iter =  284 2023-01-25 11:12:58"
[1] "DGM.in =  c.clay n.devel.sim =  1000 iter =  285 2023-01-25 11:12:59"
[1] "DGM.in =  c.clay n.devel.sim =  1000 iter =  286 2023-01-25 11:12:59"
[1] "DGM.in =  c.clay n.devel.sim =  1000 iter =  287 2023-01-25 11:13:00"
[1] "DGM.in =  c.clay n.devel.sim =  1000 iter =  288 2023-01-25 11:13:00"
[1] "DGM.in =  c.clay n.devel.sim =  1000 iter =  289 2023-01-25 11:13:01"
[1] "DGM.in =  c.clay n.devel.sim =  1000 iter =  290 2023-01-25 11:13:01"
[1] "DGM.in =  c.clay n.devel.sim =  1000 iter =  291 2023-01-25 11:13:02"
[1] "DGM.in =  c.clay n.devel.sim =  1000 iter =  292 2023-01-25 11:13:02"
[1] "DGM.in =  c.clay n.devel.sim =  1000 iter =  293 2023-01-25 11:13:02"
[1] "DGM.in =  c.clay n.devel.sim =  1000 iter =  294 2023-01-25 11:13:03"
[1] "DGM.in =  c.clay n.devel.sim =  1000 iter =  295 2023-01-25 11:13:03"
[1] "DGM.in =  c.clay n.devel.sim =  1000 iter =  296 2023-01-25 11:13:04"
[1] "DGM.in =  c.clay n.devel.sim =  1000 iter =  297 2023-01-25 11:13:04"
[1] "DGM.in =  c.clay n.devel.sim =  1000 iter =  298 2023-01-25 11:13:05"
[1] "DGM.in =  c.clay n.devel.sim =  1000 iter =  299 2023-01-25 11:13:05"
[1] "DGM.in =  c.clay n.devel.sim =  1000 iter =  300 2023-01-25 11:13:05"
[1] "DGM.in =  c.clay n.devel.sim =  1000 iter =  301 2023-01-25 11:13:06"
[1] "DGM.in =  c.clay n.devel.sim =  1000 iter =  302 2023-01-25 11:13:06"
[1] "DGM.in =  c.clay n.devel.sim =  1000 iter =  303 2023-01-25 11:13:07"
[1] "DGM.in =  c.clay n.devel.sim =  1000 iter =  304 2023-01-25 11:13:07"
[1] "DGM.in =  c.clay n.devel.sim =  1000 iter =  305 2023-01-25 11:13:08"
[1] "DGM.in =  c.clay n.devel.sim =  1000 iter =  306 2023-01-25 11:13:08"
[1] "DGM.in =  c.clay n.devel.sim =  1000 iter =  307 2023-01-25 11:13:09"
[1] "DGM.in =  c.clay n.devel.sim =  1000 iter =  308 2023-01-25 11:13:09"
[1] "DGM.in =  c.clay n.devel.sim =  1000 iter =  309 2023-01-25 11:13:09"
[1] "DGM.in =  c.clay n.devel.sim =  1000 iter =  310 2023-01-25 11:13:10"
[1] "DGM.in =  c.clay n.devel.sim =  1000 iter =  311 2023-01-25 11:13:10"
[1] "DGM.in =  c.clay n.devel.sim =  1000 iter =  312 2023-01-25 11:13:11"
[1] "DGM.in =  c.clay n.devel.sim =  1000 iter =  313 2023-01-25 11:13:11"
[1] "DGM.in =  c.clay n.devel.sim =  1000 iter =  314 2023-01-25 11:13:12"
[1] "DGM.in =  c.clay n.devel.sim =  1000 iter =  315 2023-01-25 11:13:12"
[1] "DGM.in =  c.clay n.devel.sim =  1000 iter =  316 2023-01-25 11:13:13"
[1] "DGM.in =  c.clay n.devel.sim =  1000 iter =  317 2023-01-25 11:13:13"
[1] "DGM.in =  c.clay n.devel.sim =  1000 iter =  318 2023-01-25 11:13:13"
[1] "DGM.in =  c.clay n.devel.sim =  1000 iter =  319 2023-01-25 11:13:14"
[1] "DGM.in =  c.clay n.devel.sim =  1000 iter =  320 2023-01-25 11:13:14"
[1] "DGM.in =  c.clay n.devel.sim =  1000 iter =  321 2023-01-25 11:13:15"
[1] "DGM.in =  c.clay n.devel.sim =  1000 iter =  322 2023-01-25 11:13:15"
[1] "DGM.in =  c.clay n.devel.sim =  1000 iter =  323 2023-01-25 11:13:16"
[1] "DGM.in =  c.clay n.devel.sim =  1000 iter =  324 2023-01-25 11:13:16"
[1] "DGM.in =  c.clay n.devel.sim =  1000 iter =  325 2023-01-25 11:13:16"
[1] "DGM.in =  c.clay n.devel.sim =  1000 iter =  326 2023-01-25 11:13:17"
[1] "DGM.in =  c.clay n.devel.sim =  1000 iter =  327 2023-01-25 11:13:17"
[1] "DGM.in =  c.clay n.devel.sim =  1000 iter =  328 2023-01-25 11:13:18"
[1] "DGM.in =  c.clay n.devel.sim =  1000 iter =  329 2023-01-25 11:13:18"
[1] "DGM.in =  c.clay n.devel.sim =  1000 iter =  330 2023-01-25 11:13:19"
[1] "DGM.in =  c.clay n.devel.sim =  1000 iter =  331 2023-01-25 11:13:19"
[1] "DGM.in =  c.clay n.devel.sim =  1000 iter =  332 2023-01-25 11:13:20"
[1] "DGM.in =  c.clay n.devel.sim =  1000 iter =  333 2023-01-25 11:13:20"
[1] "DGM.in =  c.clay n.devel.sim =  1000 iter =  334 2023-01-25 11:13:20"
[1] "DGM.in =  c.clay n.devel.sim =  1000 iter =  335 2023-01-25 11:13:21"
[1] "DGM.in =  c.clay n.devel.sim =  1000 iter =  336 2023-01-25 11:13:21"
[1] "DGM.in =  c.clay n.devel.sim =  1000 iter =  337 2023-01-25 11:13:22"
[1] "DGM.in =  c.clay n.devel.sim =  1000 iter =  338 2023-01-25 11:13:22"
[1] "DGM.in =  c.clay n.devel.sim =  1000 iter =  339 2023-01-25 11:13:23"
[1] "DGM.in =  c.clay n.devel.sim =  1000 iter =  340 2023-01-25 11:13:23"
[1] "DGM.in =  c.clay n.devel.sim =  1000 iter =  341 2023-01-25 11:13:24"
[1] "DGM.in =  c.clay n.devel.sim =  1000 iter =  342 2023-01-25 11:13:24"
[1] "DGM.in =  c.clay n.devel.sim =  1000 iter =  343 2023-01-25 11:13:24"
[1] "DGM.in =  c.clay n.devel.sim =  1000 iter =  344 2023-01-25 11:13:25"
[1] "DGM.in =  c.clay n.devel.sim =  1000 iter =  345 2023-01-25 11:13:25"
[1] "DGM.in =  c.clay n.devel.sim =  1000 iter =  346 2023-01-25 11:13:26"
[1] "DGM.in =  c.clay n.devel.sim =  1000 iter =  347 2023-01-25 11:13:26"
[1] "DGM.in =  c.clay n.devel.sim =  1000 iter =  348 2023-01-25 11:13:27"
[1] "DGM.in =  c.clay n.devel.sim =  1000 iter =  349 2023-01-25 11:13:27"
[1] "DGM.in =  c.clay n.devel.sim =  1000 iter =  350 2023-01-25 11:13:28"
[1] "DGM.in =  c.clay n.devel.sim =  1000 iter =  351 2023-01-25 11:13:28"
[1] "DGM.in =  c.clay n.devel.sim =  1000 iter =  352 2023-01-25 11:13:28"
[1] "DGM.in =  c.clay n.devel.sim =  1000 iter =  353 2023-01-25 11:13:29"
[1] "DGM.in =  c.clay n.devel.sim =  1000 iter =  354 2023-01-25 11:13:29"
[1] "DGM.in =  c.clay n.devel.sim =  1000 iter =  355 2023-01-25 11:13:30"
[1] "DGM.in =  c.clay n.devel.sim =  1000 iter =  356 2023-01-25 11:13:30"
[1] "DGM.in =  c.clay n.devel.sim =  1000 iter =  357 2023-01-25 11:13:31"
[1] "DGM.in =  c.clay n.devel.sim =  1000 iter =  358 2023-01-25 11:13:31"
[1] "DGM.in =  c.clay n.devel.sim =  1000 iter =  359 2023-01-25 11:13:32"
[1] "DGM.in =  c.clay n.devel.sim =  1000 iter =  360 2023-01-25 11:13:33"
[1] "DGM.in =  c.clay n.devel.sim =  1000 iter =  361 2023-01-25 11:13:33"
[1] "DGM.in =  c.clay n.devel.sim =  1000 iter =  362 2023-01-25 11:13:34"
[1] "DGM.in =  c.clay n.devel.sim =  1000 iter =  363 2023-01-25 11:13:34"
[1] "DGM.in =  c.clay n.devel.sim =  1000 iter =  364 2023-01-25 11:13:34"
[1] "DGM.in =  c.clay n.devel.sim =  1000 iter =  365 2023-01-25 11:13:35"
[1] "DGM.in =  c.clay n.devel.sim =  1000 iter =  366 2023-01-25 11:13:35"
[1] "DGM.in =  c.clay n.devel.sim =  1000 iter =  367 2023-01-25 11:13:36"
[1] "DGM.in =  c.clay n.devel.sim =  1000 iter =  368 2023-01-25 11:13:36"
[1] "DGM.in =  c.clay n.devel.sim =  1000 iter =  369 2023-01-25 11:13:37"
[1] "DGM.in =  c.clay n.devel.sim =  1000 iter =  370 2023-01-25 11:13:37"
[1] "DGM.in =  c.clay n.devel.sim =  1000 iter =  371 2023-01-25 11:13:37"
[1] "DGM.in =  c.clay n.devel.sim =  1000 iter =  372 2023-01-25 11:13:38"
[1] "DGM.in =  c.clay n.devel.sim =  1000 iter =  373 2023-01-25 11:13:38"
[1] "DGM.in =  c.clay n.devel.sim =  1000 iter =  374 2023-01-25 11:13:39"
[1] "DGM.in =  c.clay n.devel.sim =  1000 iter =  375 2023-01-25 11:13:39"
[1] "DGM.in =  c.clay n.devel.sim =  1000 iter =  376 2023-01-25 11:13:40"
[1] "DGM.in =  c.clay n.devel.sim =  1000 iter =  377 2023-01-25 11:13:40"
[1] "DGM.in =  c.clay n.devel.sim =  1000 iter =  378 2023-01-25 11:13:40"
[1] "DGM.in =  c.clay n.devel.sim =  1000 iter =  379 2023-01-25 11:13:41"
[1] "DGM.in =  c.clay n.devel.sim =  1000 iter =  380 2023-01-25 11:13:41"
[1] "DGM.in =  c.clay n.devel.sim =  1000 iter =  381 2023-01-25 11:13:42"
[1] "DGM.in =  c.clay n.devel.sim =  1000 iter =  382 2023-01-25 11:13:42"
[1] "DGM.in =  c.clay n.devel.sim =  1000 iter =  383 2023-01-25 11:13:43"
[1] "DGM.in =  c.clay n.devel.sim =  1000 iter =  384 2023-01-25 11:13:43"
[1] "DGM.in =  c.clay n.devel.sim =  1000 iter =  385 2023-01-25 11:13:43"
[1] "DGM.in =  c.clay n.devel.sim =  1000 iter =  386 2023-01-25 11:13:44"
[1] "DGM.in =  c.clay n.devel.sim =  1000 iter =  387 2023-01-25 11:13:44"
[1] "DGM.in =  c.clay n.devel.sim =  1000 iter =  388 2023-01-25 11:13:45"
[1] "DGM.in =  c.clay n.devel.sim =  1000 iter =  389 2023-01-25 11:13:45"
[1] "DGM.in =  c.clay n.devel.sim =  1000 iter =  390 2023-01-25 11:13:46"
[1] "DGM.in =  c.clay n.devel.sim =  1000 iter =  391 2023-01-25 11:13:46"
[1] "DGM.in =  c.clay n.devel.sim =  1000 iter =  392 2023-01-25 11:13:46"
[1] "DGM.in =  c.clay n.devel.sim =  1000 iter =  393 2023-01-25 11:13:47"
[1] "DGM.in =  c.clay n.devel.sim =  1000 iter =  394 2023-01-25 11:13:47"
[1] "DGM.in =  c.clay n.devel.sim =  1000 iter =  395 2023-01-25 11:13:48"
[1] "DGM.in =  c.clay n.devel.sim =  1000 iter =  396 2023-01-25 11:13:48"
[1] "DGM.in =  c.clay n.devel.sim =  1000 iter =  397 2023-01-25 11:13:49"
[1] "DGM.in =  c.clay n.devel.sim =  1000 iter =  398 2023-01-25 11:13:49"
[1] "DGM.in =  c.clay n.devel.sim =  1000 iter =  399 2023-01-25 11:13:49"
[1] "DGM.in =  c.clay n.devel.sim =  1000 iter =  400 2023-01-25 11:13:50"
[1] "DGM.in =  c.clay n.devel.sim =  1000 iter =  401 2023-01-25 11:13:50"
[1] "DGM.in =  c.clay n.devel.sim =  1000 iter =  402 2023-01-25 11:13:51"
[1] "DGM.in =  c.clay n.devel.sim =  1000 iter =  403 2023-01-25 11:13:51"
[1] "DGM.in =  c.clay n.devel.sim =  1000 iter =  404 2023-01-25 11:13:52"
[1] "DGM.in =  c.clay n.devel.sim =  1000 iter =  405 2023-01-25 11:13:52"
[1] "DGM.in =  c.clay n.devel.sim =  1000 iter =  406 2023-01-25 11:13:52"
[1] "DGM.in =  c.clay n.devel.sim =  1000 iter =  407 2023-01-25 11:13:53"
[1] "DGM.in =  c.clay n.devel.sim =  1000 iter =  408 2023-01-25 11:13:53"
[1] "DGM.in =  c.clay n.devel.sim =  1000 iter =  409 2023-01-25 11:13:54"
[1] "DGM.in =  c.clay n.devel.sim =  1000 iter =  410 2023-01-25 11:13:54"
[1] "DGM.in =  c.clay n.devel.sim =  1000 iter =  411 2023-01-25 11:13:55"
[1] "DGM.in =  c.clay n.devel.sim =  1000 iter =  412 2023-01-25 11:13:55"
[1] "DGM.in =  c.clay n.devel.sim =  1000 iter =  413 2023-01-25 11:13:55"
[1] "DGM.in =  c.clay n.devel.sim =  1000 iter =  414 2023-01-25 11:13:56"
[1] "DGM.in =  c.clay n.devel.sim =  1000 iter =  415 2023-01-25 11:13:56"
[1] "DGM.in =  c.clay n.devel.sim =  1000 iter =  416 2023-01-25 11:13:57"
[1] "DGM.in =  c.clay n.devel.sim =  1000 iter =  417 2023-01-25 11:13:57"
[1] "DGM.in =  c.clay n.devel.sim =  1000 iter =  418 2023-01-25 11:13:58"
[1] "DGM.in =  c.clay n.devel.sim =  1000 iter =  419 2023-01-25 11:13:58"
[1] "DGM.in =  c.clay n.devel.sim =  1000 iter =  420 2023-01-25 11:13:58"
[1] "DGM.in =  c.clay n.devel.sim =  1000 iter =  421 2023-01-25 11:13:59"
[1] "DGM.in =  c.clay n.devel.sim =  1000 iter =  422 2023-01-25 11:13:59"
[1] "DGM.in =  c.clay n.devel.sim =  1000 iter =  423 2023-01-25 11:14:00"
[1] "DGM.in =  c.clay n.devel.sim =  1000 iter =  424 2023-01-25 11:14:00"
[1] "DGM.in =  c.clay n.devel.sim =  1000 iter =  425 2023-01-25 11:14:01"
[1] "DGM.in =  c.clay n.devel.sim =  1000 iter =  426 2023-01-25 11:14:01"
[1] "DGM.in =  c.clay n.devel.sim =  1000 iter =  427 2023-01-25 11:14:01"
[1] "DGM.in =  c.clay n.devel.sim =  1000 iter =  428 2023-01-25 11:14:02"
[1] "DGM.in =  c.clay n.devel.sim =  1000 iter =  429 2023-01-25 11:14:02"
[1] "DGM.in =  c.clay n.devel.sim =  1000 iter =  430 2023-01-25 11:14:03"
[1] "DGM.in =  c.clay n.devel.sim =  1000 iter =  431 2023-01-25 11:14:03"
[1] "DGM.in =  c.clay n.devel.sim =  1000 iter =  432 2023-01-25 11:14:04"
[1] "DGM.in =  c.clay n.devel.sim =  1000 iter =  433 2023-01-25 11:14:04"
[1] "DGM.in =  c.clay n.devel.sim =  1000 iter =  434 2023-01-25 11:14:04"
[1] "DGM.in =  c.clay n.devel.sim =  1000 iter =  435 2023-01-25 11:14:05"
[1] "DGM.in =  c.clay n.devel.sim =  1000 iter =  436 2023-01-25 11:14:05"
[1] "DGM.in =  c.clay n.devel.sim =  1000 iter =  437 2023-01-25 11:14:06"
[1] "DGM.in =  c.clay n.devel.sim =  1000 iter =  438 2023-01-25 11:14:06"
[1] "DGM.in =  c.clay n.devel.sim =  1000 iter =  439 2023-01-25 11:14:07"
[1] "DGM.in =  c.clay n.devel.sim =  1000 iter =  440 2023-01-25 11:14:07"
[1] "DGM.in =  c.clay n.devel.sim =  1000 iter =  441 2023-01-25 11:14:07"
[1] "DGM.in =  c.clay n.devel.sim =  1000 iter =  442 2023-01-25 11:14:08"
[1] "DGM.in =  c.clay n.devel.sim =  1000 iter =  443 2023-01-25 11:14:08"
[1] "DGM.in =  c.clay n.devel.sim =  1000 iter =  444 2023-01-25 11:14:09"
[1] "DGM.in =  c.clay n.devel.sim =  1000 iter =  445 2023-01-25 11:14:09"
[1] "DGM.in =  c.clay n.devel.sim =  1000 iter =  446 2023-01-25 11:14:09"
[1] "DGM.in =  c.clay n.devel.sim =  1000 iter =  447 2023-01-25 11:14:10"
[1] "DGM.in =  c.clay n.devel.sim =  1000 iter =  448 2023-01-25 11:14:10"
[1] "DGM.in =  c.clay n.devel.sim =  1000 iter =  449 2023-01-25 11:14:11"
[1] "DGM.in =  c.clay n.devel.sim =  1000 iter =  450 2023-01-25 11:14:11"
[1] "DGM.in =  c.clay n.devel.sim =  1000 iter =  451 2023-01-25 11:14:12"
[1] "DGM.in =  c.clay n.devel.sim =  1000 iter =  452 2023-01-25 11:14:12"
[1] "DGM.in =  c.clay n.devel.sim =  1000 iter =  453 2023-01-25 11:14:13"
[1] "DGM.in =  c.clay n.devel.sim =  1000 iter =  454 2023-01-25 11:14:13"
[1] "DGM.in =  c.clay n.devel.sim =  1000 iter =  455 2023-01-25 11:14:13"
[1] "DGM.in =  c.clay n.devel.sim =  1000 iter =  456 2023-01-25 11:14:14"
[1] "DGM.in =  c.clay n.devel.sim =  1000 iter =  457 2023-01-25 11:14:14"
[1] "DGM.in =  c.clay n.devel.sim =  1000 iter =  458 2023-01-25 11:14:15"
[1] "DGM.in =  c.clay n.devel.sim =  1000 iter =  459 2023-01-25 11:14:15"
[1] "DGM.in =  c.clay n.devel.sim =  1000 iter =  460 2023-01-25 11:14:16"
[1] "DGM.in =  c.clay n.devel.sim =  1000 iter =  461 2023-01-25 11:14:16"
[1] "DGM.in =  c.clay n.devel.sim =  1000 iter =  462 2023-01-25 11:14:16"
[1] "DGM.in =  c.clay n.devel.sim =  1000 iter =  463 2023-01-25 11:14:17"
[1] "DGM.in =  c.clay n.devel.sim =  1000 iter =  464 2023-01-25 11:14:17"
[1] "DGM.in =  c.clay n.devel.sim =  1000 iter =  465 2023-01-25 11:14:18"
[1] "DGM.in =  c.clay n.devel.sim =  1000 iter =  466 2023-01-25 11:14:18"
[1] "DGM.in =  c.clay n.devel.sim =  1000 iter =  467 2023-01-25 11:14:19"
[1] "DGM.in =  c.clay n.devel.sim =  1000 iter =  468 2023-01-25 11:14:19"
[1] "DGM.in =  c.clay n.devel.sim =  1000 iter =  469 2023-01-25 11:14:19"
[1] "DGM.in =  c.clay n.devel.sim =  1000 iter =  470 2023-01-25 11:14:20"
[1] "DGM.in =  c.clay n.devel.sim =  1000 iter =  471 2023-01-25 11:14:20"
[1] "DGM.in =  c.clay n.devel.sim =  1000 iter =  472 2023-01-25 11:14:21"
[1] "DGM.in =  c.clay n.devel.sim =  1000 iter =  473 2023-01-25 11:14:21"
[1] "DGM.in =  c.clay n.devel.sim =  1000 iter =  474 2023-01-25 11:14:22"
[1] "DGM.in =  c.clay n.devel.sim =  1000 iter =  475 2023-01-25 11:14:22"
[1] "DGM.in =  c.clay n.devel.sim =  1000 iter =  476 2023-01-25 11:14:22"
[1] "DGM.in =  c.clay n.devel.sim =  1000 iter =  477 2023-01-25 11:14:23"
[1] "DGM.in =  c.clay n.devel.sim =  1000 iter =  478 2023-01-25 11:14:23"
[1] "DGM.in =  c.clay n.devel.sim =  1000 iter =  479 2023-01-25 11:14:24"
[1] "DGM.in =  c.clay n.devel.sim =  1000 iter =  480 2023-01-25 11:14:24"
[1] "DGM.in =  c.clay n.devel.sim =  1000 iter =  481 2023-01-25 11:14:25"
[1] "DGM.in =  c.clay n.devel.sim =  1000 iter =  482 2023-01-25 11:14:25"
[1] "DGM.in =  c.clay n.devel.sim =  1000 iter =  483 2023-01-25 11:14:26"
[1] "DGM.in =  c.clay n.devel.sim =  1000 iter =  484 2023-01-25 11:14:26"
[1] "DGM.in =  c.clay n.devel.sim =  1000 iter =  485 2023-01-25 11:14:26"
[1] "DGM.in =  c.clay n.devel.sim =  1000 iter =  486 2023-01-25 11:14:27"
[1] "DGM.in =  c.clay n.devel.sim =  1000 iter =  487 2023-01-25 11:14:27"
[1] "DGM.in =  c.clay n.devel.sim =  1000 iter =  488 2023-01-25 11:14:28"
[1] "DGM.in =  c.clay n.devel.sim =  1000 iter =  489 2023-01-25 11:14:28"
[1] "DGM.in =  c.clay n.devel.sim =  1000 iter =  490 2023-01-25 11:14:29"
[1] "DGM.in =  c.clay n.devel.sim =  1000 iter =  491 2023-01-25 11:14:29"
[1] "DGM.in =  c.clay n.devel.sim =  1000 iter =  492 2023-01-25 11:14:29"
[1] "DGM.in =  c.clay n.devel.sim =  1000 iter =  493 2023-01-25 11:14:30"
[1] "DGM.in =  c.clay n.devel.sim =  1000 iter =  494 2023-01-25 11:14:30"
[1] "DGM.in =  c.clay n.devel.sim =  1000 iter =  495 2023-01-25 11:14:31"
[1] "DGM.in =  c.clay n.devel.sim =  1000 iter =  496 2023-01-25 11:14:31"
[1] "DGM.in =  c.clay n.devel.sim =  1000 iter =  497 2023-01-25 11:14:32"
[1] "DGM.in =  c.clay n.devel.sim =  1000 iter =  498 2023-01-25 11:14:32"
[1] "DGM.in =  c.clay n.devel.sim =  1000 iter =  499 2023-01-25 11:14:33"
[1] "DGM.in =  c.clay n.devel.sim =  1000 iter =  500 2023-01-25 11:14:33"
[1] "DGM.in =  c.clay n.devel.sim =  1000 iter =  501 2023-01-25 11:14:33"
[1] "DGM.in =  c.clay n.devel.sim =  1000 iter =  502 2023-01-25 11:14:34"
[1] "DGM.in =  c.clay n.devel.sim =  1000 iter =  503 2023-01-25 11:14:34"
[1] "DGM.in =  c.clay n.devel.sim =  1000 iter =  504 2023-01-25 11:14:35"
[1] "DGM.in =  c.clay n.devel.sim =  1000 iter =  505 2023-01-25 11:14:35"
[1] "DGM.in =  c.clay n.devel.sim =  1000 iter =  506 2023-01-25 11:14:36"
[1] "DGM.in =  c.clay n.devel.sim =  1000 iter =  507 2023-01-25 11:14:36"
[1] "DGM.in =  c.clay n.devel.sim =  1000 iter =  508 2023-01-25 11:14:36"
[1] "DGM.in =  c.clay n.devel.sim =  1000 iter =  509 2023-01-25 11:14:37"
[1] "DGM.in =  c.clay n.devel.sim =  1000 iter =  510 2023-01-25 11:14:37"
[1] "DGM.in =  c.clay n.devel.sim =  1000 iter =  511 2023-01-25 11:14:38"
[1] "DGM.in =  c.clay n.devel.sim =  1000 iter =  512 2023-01-25 11:14:38"
[1] "DGM.in =  c.clay n.devel.sim =  1000 iter =  513 2023-01-25 11:14:39"
[1] "DGM.in =  c.clay n.devel.sim =  1000 iter =  514 2023-01-25 11:14:39"
[1] "DGM.in =  c.clay n.devel.sim =  1000 iter =  515 2023-01-25 11:14:39"
[1] "DGM.in =  c.clay n.devel.sim =  1000 iter =  516 2023-01-25 11:14:40"
[1] "DGM.in =  c.clay n.devel.sim =  1000 iter =  517 2023-01-25 11:14:40"
[1] "DGM.in =  c.clay n.devel.sim =  1000 iter =  518 2023-01-25 11:14:41"
[1] "DGM.in =  c.clay n.devel.sim =  1000 iter =  519 2023-01-25 11:14:41"
[1] "DGM.in =  c.clay n.devel.sim =  1000 iter =  520 2023-01-25 11:14:42"
[1] "DGM.in =  c.clay n.devel.sim =  1000 iter =  521 2023-01-25 11:14:42"
[1] "DGM.in =  c.clay n.devel.sim =  1000 iter =  522 2023-01-25 11:14:43"
[1] "DGM.in =  c.clay n.devel.sim =  1000 iter =  523 2023-01-25 11:14:43"
[1] "DGM.in =  c.clay n.devel.sim =  1000 iter =  524 2023-01-25 11:14:43"
[1] "DGM.in =  c.clay n.devel.sim =  1000 iter =  525 2023-01-25 11:14:44"
[1] "DGM.in =  c.clay n.devel.sim =  1000 iter =  526 2023-01-25 11:14:44"
[1] "DGM.in =  c.clay n.devel.sim =  1000 iter =  527 2023-01-25 11:14:45"
[1] "DGM.in =  c.clay n.devel.sim =  1000 iter =  528 2023-01-25 11:14:45"
[1] "DGM.in =  c.clay n.devel.sim =  1000 iter =  529 2023-01-25 11:14:46"
[1] "DGM.in =  c.clay n.devel.sim =  1000 iter =  530 2023-01-25 11:14:46"
[1] "DGM.in =  c.clay n.devel.sim =  1000 iter =  531 2023-01-25 11:14:46"
[1] "DGM.in =  c.clay n.devel.sim =  1000 iter =  532 2023-01-25 11:14:47"
[1] "DGM.in =  c.clay n.devel.sim =  1000 iter =  533 2023-01-25 11:14:47"
[1] "DGM.in =  c.clay n.devel.sim =  1000 iter =  534 2023-01-25 11:14:48"
[1] "DGM.in =  c.clay n.devel.sim =  1000 iter =  535 2023-01-25 11:14:48"
[1] "DGM.in =  c.clay n.devel.sim =  1000 iter =  536 2023-01-25 11:14:49"
[1] "DGM.in =  c.clay n.devel.sim =  1000 iter =  537 2023-01-25 11:14:49"
[1] "DGM.in =  c.clay n.devel.sim =  1000 iter =  538 2023-01-25 11:14:50"
[1] "DGM.in =  c.clay n.devel.sim =  1000 iter =  539 2023-01-25 11:14:50"
[1] "DGM.in =  c.clay n.devel.sim =  1000 iter =  540 2023-01-25 11:14:51"
[1] "DGM.in =  c.clay n.devel.sim =  1000 iter =  541 2023-01-25 11:14:51"
[1] "DGM.in =  c.clay n.devel.sim =  1000 iter =  542 2023-01-25 11:14:51"
[1] "DGM.in =  c.clay n.devel.sim =  1000 iter =  543 2023-01-25 11:14:52"
[1] "DGM.in =  c.clay n.devel.sim =  1000 iter =  544 2023-01-25 11:14:52"
[1] "DGM.in =  c.clay n.devel.sim =  1000 iter =  545 2023-01-25 11:14:53"
[1] "DGM.in =  c.clay n.devel.sim =  1000 iter =  546 2023-01-25 11:14:53"
[1] "DGM.in =  c.clay n.devel.sim =  1000 iter =  547 2023-01-25 11:14:54"
[1] "DGM.in =  c.clay n.devel.sim =  1000 iter =  548 2023-01-25 11:14:54"
[1] "DGM.in =  c.clay n.devel.sim =  1000 iter =  549 2023-01-25 11:14:54"
[1] "DGM.in =  c.clay n.devel.sim =  1000 iter =  550 2023-01-25 11:14:55"
[1] "DGM.in =  c.clay n.devel.sim =  1000 iter =  551 2023-01-25 11:14:55"
[1] "DGM.in =  c.clay n.devel.sim =  1000 iter =  552 2023-01-25 11:14:56"
[1] "DGM.in =  c.clay n.devel.sim =  1000 iter =  553 2023-01-25 11:14:56"
[1] "DGM.in =  c.clay n.devel.sim =  1000 iter =  554 2023-01-25 11:14:57"
[1] "DGM.in =  c.clay n.devel.sim =  1000 iter =  555 2023-01-25 11:14:57"
[1] "DGM.in =  c.clay n.devel.sim =  1000 iter =  556 2023-01-25 11:14:57"
[1] "DGM.in =  c.clay n.devel.sim =  1000 iter =  557 2023-01-25 11:14:58"
[1] "DGM.in =  c.clay n.devel.sim =  1000 iter =  558 2023-01-25 11:14:58"
[1] "DGM.in =  c.clay n.devel.sim =  1000 iter =  559 2023-01-25 11:14:59"
[1] "DGM.in =  c.clay n.devel.sim =  1000 iter =  560 2023-01-25 11:14:59"
[1] "DGM.in =  c.clay n.devel.sim =  1000 iter =  561 2023-01-25 11:15:00"
[1] "DGM.in =  c.clay n.devel.sim =  1000 iter =  562 2023-01-25 11:15:00"
[1] "DGM.in =  c.clay n.devel.sim =  1000 iter =  563 2023-01-25 11:15:01"
[1] "DGM.in =  c.clay n.devel.sim =  1000 iter =  564 2023-01-25 11:15:01"
[1] "DGM.in =  c.clay n.devel.sim =  1000 iter =  565 2023-01-25 11:15:01"
[1] "DGM.in =  c.clay n.devel.sim =  1000 iter =  566 2023-01-25 11:15:02"
[1] "DGM.in =  c.clay n.devel.sim =  1000 iter =  567 2023-01-25 11:15:02"
[1] "DGM.in =  c.clay n.devel.sim =  1000 iter =  568 2023-01-25 11:15:03"
[1] "DGM.in =  c.clay n.devel.sim =  1000 iter =  569 2023-01-25 11:15:03"
[1] "DGM.in =  c.clay n.devel.sim =  1000 iter =  570 2023-01-25 11:15:04"
[1] "DGM.in =  c.clay n.devel.sim =  1000 iter =  571 2023-01-25 11:15:04"
[1] "DGM.in =  c.clay n.devel.sim =  1000 iter =  572 2023-01-25 11:15:04"
[1] "DGM.in =  c.clay n.devel.sim =  1000 iter =  573 2023-01-25 11:15:05"
[1] "DGM.in =  c.clay n.devel.sim =  1000 iter =  574 2023-01-25 11:15:05"
[1] "DGM.in =  c.clay n.devel.sim =  1000 iter =  575 2023-01-25 11:15:06"
[1] "DGM.in =  c.clay n.devel.sim =  1000 iter =  576 2023-01-25 11:15:06"
[1] "DGM.in =  c.clay n.devel.sim =  1000 iter =  577 2023-01-25 11:15:07"
[1] "DGM.in =  c.clay n.devel.sim =  1000 iter =  578 2023-01-25 11:15:07"
[1] "DGM.in =  c.clay n.devel.sim =  1000 iter =  579 2023-01-25 11:15:07"
[1] "DGM.in =  c.clay n.devel.sim =  1000 iter =  580 2023-01-25 11:15:08"
[1] "DGM.in =  c.clay n.devel.sim =  1000 iter =  581 2023-01-25 11:15:08"
[1] "DGM.in =  c.clay n.devel.sim =  1000 iter =  582 2023-01-25 11:15:09"
[1] "DGM.in =  c.clay n.devel.sim =  1000 iter =  583 2023-01-25 11:15:09"
[1] "DGM.in =  c.clay n.devel.sim =  1000 iter =  584 2023-01-25 11:15:10"
[1] "DGM.in =  c.clay n.devel.sim =  1000 iter =  585 2023-01-25 11:15:10"
[1] "DGM.in =  c.clay n.devel.sim =  1000 iter =  586 2023-01-25 11:15:10"
[1] "DGM.in =  c.clay n.devel.sim =  1000 iter =  587 2023-01-25 11:15:11"
[1] "DGM.in =  c.clay n.devel.sim =  1000 iter =  588 2023-01-25 11:15:11"
[1] "DGM.in =  c.clay n.devel.sim =  1000 iter =  589 2023-01-25 11:15:12"
[1] "DGM.in =  c.clay n.devel.sim =  1000 iter =  590 2023-01-25 11:15:12"
[1] "DGM.in =  c.clay n.devel.sim =  1000 iter =  591 2023-01-25 11:15:13"
[1] "DGM.in =  c.clay n.devel.sim =  1000 iter =  592 2023-01-25 11:15:13"
[1] "DGM.in =  c.clay n.devel.sim =  1000 iter =  593 2023-01-25 11:15:14"
[1] "DGM.in =  c.clay n.devel.sim =  1000 iter =  594 2023-01-25 11:15:14"
[1] "DGM.in =  c.clay n.devel.sim =  1000 iter =  595 2023-01-25 11:15:14"
[1] "DGM.in =  c.clay n.devel.sim =  1000 iter =  596 2023-01-25 11:15:15"
[1] "DGM.in =  c.clay n.devel.sim =  1000 iter =  597 2023-01-25 11:15:15"
[1] "DGM.in =  c.clay n.devel.sim =  1000 iter =  598 2023-01-25 11:15:16"
[1] "DGM.in =  c.clay n.devel.sim =  1000 iter =  599 2023-01-25 11:15:16"
[1] "DGM.in =  c.clay n.devel.sim =  1000 iter =  600 2023-01-25 11:15:17"
[1] "DGM.in =  c.clay n.devel.sim =  1000 iter =  601 2023-01-25 11:15:17"
[1] "DGM.in =  c.clay n.devel.sim =  1000 iter =  602 2023-01-25 11:15:17"
[1] "DGM.in =  c.clay n.devel.sim =  1000 iter =  603 2023-01-25 11:15:18"
[1] "DGM.in =  c.clay n.devel.sim =  1000 iter =  604 2023-01-25 11:15:18"
[1] "DGM.in =  c.clay n.devel.sim =  1000 iter =  605 2023-01-25 11:15:19"
[1] "DGM.in =  c.clay n.devel.sim =  1000 iter =  606 2023-01-25 11:15:19"
[1] "DGM.in =  c.clay n.devel.sim =  1000 iter =  607 2023-01-25 11:15:20"
[1] "DGM.in =  c.clay n.devel.sim =  1000 iter =  608 2023-01-25 11:15:20"
[1] "DGM.in =  c.clay n.devel.sim =  1000 iter =  609 2023-01-25 11:15:21"
[1] "DGM.in =  c.clay n.devel.sim =  1000 iter =  610 2023-01-25 11:15:21"
[1] "DGM.in =  c.clay n.devel.sim =  1000 iter =  611 2023-01-25 11:15:21"
[1] "DGM.in =  c.clay n.devel.sim =  1000 iter =  612 2023-01-25 11:15:22"
[1] "DGM.in =  c.clay n.devel.sim =  1000 iter =  613 2023-01-25 11:15:22"
[1] "DGM.in =  c.clay n.devel.sim =  1000 iter =  614 2023-01-25 11:15:23"
[1] "DGM.in =  c.clay n.devel.sim =  1000 iter =  615 2023-01-25 11:15:23"
[1] "DGM.in =  c.clay n.devel.sim =  1000 iter =  616 2023-01-25 11:15:24"
[1] "DGM.in =  c.clay n.devel.sim =  1000 iter =  617 2023-01-25 11:15:24"
[1] "DGM.in =  c.clay n.devel.sim =  1000 iter =  618 2023-01-25 11:15:24"
[1] "DGM.in =  c.clay n.devel.sim =  1000 iter =  619 2023-01-25 11:15:25"
[1] "DGM.in =  c.clay n.devel.sim =  1000 iter =  620 2023-01-25 11:15:25"
[1] "DGM.in =  c.clay n.devel.sim =  1000 iter =  621 2023-01-25 11:15:26"
[1] "DGM.in =  c.clay n.devel.sim =  1000 iter =  622 2023-01-25 11:15:26"
[1] "DGM.in =  c.clay n.devel.sim =  1000 iter =  623 2023-01-25 11:15:27"
[1] "DGM.in =  c.clay n.devel.sim =  1000 iter =  624 2023-01-25 11:15:27"
[1] "DGM.in =  c.clay n.devel.sim =  1000 iter =  625 2023-01-25 11:15:28"
[1] "DGM.in =  c.clay n.devel.sim =  1000 iter =  626 2023-01-25 11:15:28"
[1] "DGM.in =  c.clay n.devel.sim =  1000 iter =  627 2023-01-25 11:15:29"
[1] "DGM.in =  c.clay n.devel.sim =  1000 iter =  628 2023-01-25 11:15:29"
[1] "DGM.in =  c.clay n.devel.sim =  1000 iter =  629 2023-01-25 11:15:29"
[1] "DGM.in =  c.clay n.devel.sim =  1000 iter =  630 2023-01-25 11:15:30"
[1] "DGM.in =  c.clay n.devel.sim =  1000 iter =  631 2023-01-25 11:15:30"
[1] "DGM.in =  c.clay n.devel.sim =  1000 iter =  632 2023-01-25 11:15:31"
[1] "DGM.in =  c.clay n.devel.sim =  1000 iter =  633 2023-01-25 11:15:31"
[1] "DGM.in =  c.clay n.devel.sim =  1000 iter =  634 2023-01-25 11:15:32"
[1] "DGM.in =  c.clay n.devel.sim =  1000 iter =  635 2023-01-25 11:15:32"
[1] "DGM.in =  c.clay n.devel.sim =  1000 iter =  636 2023-01-25 11:15:33"
[1] "DGM.in =  c.clay n.devel.sim =  1000 iter =  637 2023-01-25 11:15:33"
[1] "DGM.in =  c.clay n.devel.sim =  1000 iter =  638 2023-01-25 11:15:33"
[1] "DGM.in =  c.clay n.devel.sim =  1000 iter =  639 2023-01-25 11:15:34"
[1] "DGM.in =  c.clay n.devel.sim =  1000 iter =  640 2023-01-25 11:15:34"
[1] "DGM.in =  c.clay n.devel.sim =  1000 iter =  641 2023-01-25 11:15:35"
[1] "DGM.in =  c.clay n.devel.sim =  1000 iter =  642 2023-01-25 11:15:35"
[1] "DGM.in =  c.clay n.devel.sim =  1000 iter =  643 2023-01-25 11:15:36"
[1] "DGM.in =  c.clay n.devel.sim =  1000 iter =  644 2023-01-25 11:15:36"
[1] "DGM.in =  c.clay n.devel.sim =  1000 iter =  645 2023-01-25 11:15:37"
[1] "DGM.in =  c.clay n.devel.sim =  1000 iter =  646 2023-01-25 11:15:37"
[1] "DGM.in =  c.clay n.devel.sim =  1000 iter =  647 2023-01-25 11:15:38"
[1] "DGM.in =  c.clay n.devel.sim =  1000 iter =  648 2023-01-25 11:15:38"
[1] "DGM.in =  c.clay n.devel.sim =  1000 iter =  649 2023-01-25 11:15:38"
[1] "DGM.in =  c.clay n.devel.sim =  1000 iter =  650 2023-01-25 11:15:39"
[1] "DGM.in =  c.clay n.devel.sim =  1000 iter =  651 2023-01-25 11:15:39"
[1] "DGM.in =  c.clay n.devel.sim =  1000 iter =  652 2023-01-25 11:15:40"
[1] "DGM.in =  c.clay n.devel.sim =  1000 iter =  653 2023-01-25 11:15:40"
[1] "DGM.in =  c.clay n.devel.sim =  1000 iter =  654 2023-01-25 11:15:41"
[1] "DGM.in =  c.clay n.devel.sim =  1000 iter =  655 2023-01-25 11:15:41"
[1] "DGM.in =  c.clay n.devel.sim =  1000 iter =  656 2023-01-25 11:15:42"
[1] "DGM.in =  c.clay n.devel.sim =  1000 iter =  657 2023-01-25 11:15:42"
[1] "DGM.in =  c.clay n.devel.sim =  1000 iter =  658 2023-01-25 11:15:42"
[1] "DGM.in =  c.clay n.devel.sim =  1000 iter =  659 2023-01-25 11:15:43"
[1] "DGM.in =  c.clay n.devel.sim =  1000 iter =  660 2023-01-25 11:15:43"
[1] "DGM.in =  c.clay n.devel.sim =  1000 iter =  661 2023-01-25 11:15:44"
[1] "DGM.in =  c.clay n.devel.sim =  1000 iter =  662 2023-01-25 11:15:44"
[1] "DGM.in =  c.clay n.devel.sim =  1000 iter =  663 2023-01-25 11:15:45"
[1] "DGM.in =  c.clay n.devel.sim =  1000 iter =  664 2023-01-25 11:15:45"
[1] "DGM.in =  c.clay n.devel.sim =  1000 iter =  665 2023-01-25 11:15:46"
[1] "DGM.in =  c.clay n.devel.sim =  1000 iter =  666 2023-01-25 11:15:46"
[1] "DGM.in =  c.clay n.devel.sim =  1000 iter =  667 2023-01-25 11:15:46"
[1] "DGM.in =  c.clay n.devel.sim =  1000 iter =  668 2023-01-25 11:15:47"
[1] "DGM.in =  c.clay n.devel.sim =  1000 iter =  669 2023-01-25 11:15:47"
[1] "DGM.in =  c.clay n.devel.sim =  1000 iter =  670 2023-01-25 11:15:48"
[1] "DGM.in =  c.clay n.devel.sim =  1000 iter =  671 2023-01-25 11:15:48"
[1] "DGM.in =  c.clay n.devel.sim =  1000 iter =  672 2023-01-25 11:15:49"
[1] "DGM.in =  c.clay n.devel.sim =  1000 iter =  673 2023-01-25 11:15:49"
[1] "DGM.in =  c.clay n.devel.sim =  1000 iter =  674 2023-01-25 11:15:50"
[1] "DGM.in =  c.clay n.devel.sim =  1000 iter =  675 2023-01-25 11:15:50"
[1] "DGM.in =  c.clay n.devel.sim =  1000 iter =  676 2023-01-25 11:15:50"
[1] "DGM.in =  c.clay n.devel.sim =  1000 iter =  677 2023-01-25 11:15:51"
[1] "DGM.in =  c.clay n.devel.sim =  1000 iter =  678 2023-01-25 11:15:51"
[1] "DGM.in =  c.clay n.devel.sim =  1000 iter =  679 2023-01-25 11:15:52"
[1] "DGM.in =  c.clay n.devel.sim =  1000 iter =  680 2023-01-25 11:15:52"
[1] "DGM.in =  c.clay n.devel.sim =  1000 iter =  681 2023-01-25 11:15:53"
[1] "DGM.in =  c.clay n.devel.sim =  1000 iter =  682 2023-01-25 11:15:53"
[1] "DGM.in =  c.clay n.devel.sim =  1000 iter =  683 2023-01-25 11:15:54"
[1] "DGM.in =  c.clay n.devel.sim =  1000 iter =  684 2023-01-25 11:15:54"
[1] "DGM.in =  c.clay n.devel.sim =  1000 iter =  685 2023-01-25 11:15:54"
[1] "DGM.in =  c.clay n.devel.sim =  1000 iter =  686 2023-01-25 11:15:55"
[1] "DGM.in =  c.clay n.devel.sim =  1000 iter =  687 2023-01-25 11:15:55"
[1] "DGM.in =  c.clay n.devel.sim =  1000 iter =  688 2023-01-25 11:15:56"
[1] "DGM.in =  c.clay n.devel.sim =  1000 iter =  689 2023-01-25 11:15:56"
[1] "DGM.in =  c.clay n.devel.sim =  1000 iter =  690 2023-01-25 11:15:57"
[1] "DGM.in =  c.clay n.devel.sim =  1000 iter =  691 2023-01-25 11:15:57"
[1] "DGM.in =  c.clay n.devel.sim =  1000 iter =  692 2023-01-25 11:15:58"
[1] "DGM.in =  c.clay n.devel.sim =  1000 iter =  693 2023-01-25 11:15:58"
[1] "DGM.in =  c.clay n.devel.sim =  1000 iter =  694 2023-01-25 11:15:58"
[1] "DGM.in =  c.clay n.devel.sim =  1000 iter =  695 2023-01-25 11:15:59"
[1] "DGM.in =  c.clay n.devel.sim =  1000 iter =  696 2023-01-25 11:15:59"
[1] "DGM.in =  c.clay n.devel.sim =  1000 iter =  697 2023-01-25 11:16:00"
[1] "DGM.in =  c.clay n.devel.sim =  1000 iter =  698 2023-01-25 11:16:00"
[1] "DGM.in =  c.clay n.devel.sim =  1000 iter =  699 2023-01-25 11:16:01"
[1] "DGM.in =  c.clay n.devel.sim =  1000 iter =  700 2023-01-25 11:16:01"
[1] "DGM.in =  c.clay n.devel.sim =  1000 iter =  701 2023-01-25 11:16:02"
[1] "DGM.in =  c.clay n.devel.sim =  1000 iter =  702 2023-01-25 11:16:02"
[1] "DGM.in =  c.clay n.devel.sim =  1000 iter =  703 2023-01-25 11:16:02"
[1] "DGM.in =  c.clay n.devel.sim =  1000 iter =  704 2023-01-25 11:16:03"
[1] "DGM.in =  c.clay n.devel.sim =  1000 iter =  705 2023-01-25 11:16:03"
[1] "DGM.in =  c.clay n.devel.sim =  1000 iter =  706 2023-01-25 11:16:04"
[1] "DGM.in =  c.clay n.devel.sim =  1000 iter =  707 2023-01-25 11:16:04"
[1] "DGM.in =  c.clay n.devel.sim =  1000 iter =  708 2023-01-25 11:16:05"
[1] "DGM.in =  c.clay n.devel.sim =  1000 iter =  709 2023-01-25 11:16:05"
[1] "DGM.in =  c.clay n.devel.sim =  1000 iter =  710 2023-01-25 11:16:05"
[1] "DGM.in =  c.clay n.devel.sim =  1000 iter =  711 2023-01-25 11:16:06"
[1] "DGM.in =  c.clay n.devel.sim =  1000 iter =  712 2023-01-25 11:16:06"
[1] "DGM.in =  c.clay n.devel.sim =  1000 iter =  713 2023-01-25 11:16:07"
[1] "DGM.in =  c.clay n.devel.sim =  1000 iter =  714 2023-01-25 11:16:07"
[1] "DGM.in =  c.clay n.devel.sim =  1000 iter =  715 2023-01-25 11:16:08"
[1] "DGM.in =  c.clay n.devel.sim =  1000 iter =  716 2023-01-25 11:16:08"
[1] "DGM.in =  c.clay n.devel.sim =  1000 iter =  717 2023-01-25 11:16:09"
[1] "DGM.in =  c.clay n.devel.sim =  1000 iter =  718 2023-01-25 11:16:09"
[1] "DGM.in =  c.clay n.devel.sim =  1000 iter =  719 2023-01-25 11:16:09"
[1] "DGM.in =  c.clay n.devel.sim =  1000 iter =  720 2023-01-25 11:16:10"
[1] "DGM.in =  c.clay n.devel.sim =  1000 iter =  721 2023-01-25 11:16:10"
[1] "DGM.in =  c.clay n.devel.sim =  1000 iter =  722 2023-01-25 11:16:11"
[1] "DGM.in =  c.clay n.devel.sim =  1000 iter =  723 2023-01-25 11:16:11"
[1] "DGM.in =  c.clay n.devel.sim =  1000 iter =  724 2023-01-25 11:16:12"
[1] "DGM.in =  c.clay n.devel.sim =  1000 iter =  725 2023-01-25 11:16:12"
[1] "DGM.in =  c.clay n.devel.sim =  1000 iter =  726 2023-01-25 11:16:13"
[1] "DGM.in =  c.clay n.devel.sim =  1000 iter =  727 2023-01-25 11:16:13"
[1] "DGM.in =  c.clay n.devel.sim =  1000 iter =  728 2023-01-25 11:16:13"
[1] "DGM.in =  c.clay n.devel.sim =  1000 iter =  729 2023-01-25 11:16:14"
[1] "DGM.in =  c.clay n.devel.sim =  1000 iter =  730 2023-01-25 11:16:14"
[1] "DGM.in =  c.clay n.devel.sim =  1000 iter =  731 2023-01-25 11:16:15"
[1] "DGM.in =  c.clay n.devel.sim =  1000 iter =  732 2023-01-25 11:16:15"
[1] "DGM.in =  c.clay n.devel.sim =  1000 iter =  733 2023-01-25 11:16:16"
[1] "DGM.in =  c.clay n.devel.sim =  1000 iter =  734 2023-01-25 11:16:16"
[1] "DGM.in =  c.clay n.devel.sim =  1000 iter =  735 2023-01-25 11:16:16"
[1] "DGM.in =  c.clay n.devel.sim =  1000 iter =  736 2023-01-25 11:16:17"
[1] "DGM.in =  c.clay n.devel.sim =  1000 iter =  737 2023-01-25 11:16:17"
[1] "DGM.in =  c.clay n.devel.sim =  1000 iter =  738 2023-01-25 11:16:18"
[1] "DGM.in =  c.clay n.devel.sim =  1000 iter =  739 2023-01-25 11:16:18"
[1] "DGM.in =  c.clay n.devel.sim =  1000 iter =  740 2023-01-25 11:16:19"
[1] "DGM.in =  c.clay n.devel.sim =  1000 iter =  741 2023-01-25 11:16:19"
[1] "DGM.in =  c.clay n.devel.sim =  1000 iter =  742 2023-01-25 11:16:20"
[1] "DGM.in =  c.clay n.devel.sim =  1000 iter =  743 2023-01-25 11:16:20"
[1] "DGM.in =  c.clay n.devel.sim =  1000 iter =  744 2023-01-25 11:16:20"
[1] "DGM.in =  c.clay n.devel.sim =  1000 iter =  745 2023-01-25 11:16:21"
[1] "DGM.in =  c.clay n.devel.sim =  1000 iter =  746 2023-01-25 11:16:21"
[1] "DGM.in =  c.clay n.devel.sim =  1000 iter =  747 2023-01-25 11:16:22"
[1] "DGM.in =  c.clay n.devel.sim =  1000 iter =  748 2023-01-25 11:16:22"
[1] "DGM.in =  c.clay n.devel.sim =  1000 iter =  749 2023-01-25 11:16:23"
[1] "DGM.in =  c.clay n.devel.sim =  1000 iter =  750 2023-01-25 11:16:23"
[1] "DGM.in =  c.clay n.devel.sim =  1000 iter =  751 2023-01-25 11:16:24"
[1] "DGM.in =  c.clay n.devel.sim =  1000 iter =  752 2023-01-25 11:16:24"
[1] "DGM.in =  c.clay n.devel.sim =  1000 iter =  753 2023-01-25 11:16:24"
[1] "DGM.in =  c.clay n.devel.sim =  1000 iter =  754 2023-01-25 11:16:25"
[1] "DGM.in =  c.clay n.devel.sim =  1000 iter =  755 2023-01-25 11:16:25"
[1] "DGM.in =  c.clay n.devel.sim =  1000 iter =  756 2023-01-25 11:16:26"
[1] "DGM.in =  c.clay n.devel.sim =  1000 iter =  757 2023-01-25 11:16:26"
[1] "DGM.in =  c.clay n.devel.sim =  1000 iter =  758 2023-01-25 11:16:27"
[1] "DGM.in =  c.clay n.devel.sim =  1000 iter =  759 2023-01-25 11:16:27"
[1] "DGM.in =  c.clay n.devel.sim =  1000 iter =  760 2023-01-25 11:16:28"
[1] "DGM.in =  c.clay n.devel.sim =  1000 iter =  761 2023-01-25 11:16:29"
[1] "DGM.in =  c.clay n.devel.sim =  1000 iter =  762 2023-01-25 11:16:29"
[1] "DGM.in =  c.clay n.devel.sim =  1000 iter =  763 2023-01-25 11:16:30"
[1] "DGM.in =  c.clay n.devel.sim =  1000 iter =  764 2023-01-25 11:16:30"
[1] "DGM.in =  c.clay n.devel.sim =  1000 iter =  765 2023-01-25 11:16:30"
[1] "DGM.in =  c.clay n.devel.sim =  1000 iter =  766 2023-01-25 11:16:31"
[1] "DGM.in =  c.clay n.devel.sim =  1000 iter =  767 2023-01-25 11:16:31"
[1] "DGM.in =  c.clay n.devel.sim =  1000 iter =  768 2023-01-25 11:16:32"
[1] "DGM.in =  c.clay n.devel.sim =  1000 iter =  769 2023-01-25 11:16:32"
[1] "DGM.in =  c.clay n.devel.sim =  1000 iter =  770 2023-01-25 11:16:33"
[1] "DGM.in =  c.clay n.devel.sim =  1000 iter =  771 2023-01-25 11:16:33"
[1] "DGM.in =  c.clay n.devel.sim =  1000 iter =  772 2023-01-25 11:16:33"
[1] "DGM.in =  c.clay n.devel.sim =  1000 iter =  773 2023-01-25 11:16:34"
[1] "DGM.in =  c.clay n.devel.sim =  1000 iter =  774 2023-01-25 11:16:34"
[1] "DGM.in =  c.clay n.devel.sim =  1000 iter =  775 2023-01-25 11:16:35"
[1] "DGM.in =  c.clay n.devel.sim =  1000 iter =  776 2023-01-25 11:16:35"
[1] "DGM.in =  c.clay n.devel.sim =  1000 iter =  777 2023-01-25 11:16:36"
[1] "DGM.in =  c.clay n.devel.sim =  1000 iter =  778 2023-01-25 11:16:36"
[1] "DGM.in =  c.clay n.devel.sim =  1000 iter =  779 2023-01-25 11:16:36"
[1] "DGM.in =  c.clay n.devel.sim =  1000 iter =  780 2023-01-25 11:16:37"
[1] "DGM.in =  c.clay n.devel.sim =  1000 iter =  781 2023-01-25 11:16:37"
[1] "DGM.in =  c.clay n.devel.sim =  1000 iter =  782 2023-01-25 11:16:38"
[1] "DGM.in =  c.clay n.devel.sim =  1000 iter =  783 2023-01-25 11:16:38"
[1] "DGM.in =  c.clay n.devel.sim =  1000 iter =  784 2023-01-25 11:16:38"
[1] "DGM.in =  c.clay n.devel.sim =  1000 iter =  785 2023-01-25 11:16:39"
[1] "DGM.in =  c.clay n.devel.sim =  1000 iter =  786 2023-01-25 11:16:39"
[1] "DGM.in =  c.clay n.devel.sim =  1000 iter =  787 2023-01-25 11:16:40"
[1] "DGM.in =  c.clay n.devel.sim =  1000 iter =  788 2023-01-25 11:16:40"
[1] "DGM.in =  c.clay n.devel.sim =  1000 iter =  789 2023-01-25 11:16:41"
[1] "DGM.in =  c.clay n.devel.sim =  1000 iter =  790 2023-01-25 11:16:41"
[1] "DGM.in =  c.clay n.devel.sim =  1000 iter =  791 2023-01-25 11:16:41"
[1] "DGM.in =  c.clay n.devel.sim =  1000 iter =  792 2023-01-25 11:16:42"
[1] "DGM.in =  c.clay n.devel.sim =  1000 iter =  793 2023-01-25 11:16:42"
[1] "DGM.in =  c.clay n.devel.sim =  1000 iter =  794 2023-01-25 11:16:43"
[1] "DGM.in =  c.clay n.devel.sim =  1000 iter =  795 2023-01-25 11:16:43"
[1] "DGM.in =  c.clay n.devel.sim =  1000 iter =  796 2023-01-25 11:16:44"
[1] "DGM.in =  c.clay n.devel.sim =  1000 iter =  797 2023-01-25 11:16:44"
[1] "DGM.in =  c.clay n.devel.sim =  1000 iter =  798 2023-01-25 11:16:44"
[1] "DGM.in =  c.clay n.devel.sim =  1000 iter =  799 2023-01-25 11:16:45"
[1] "DGM.in =  c.clay n.devel.sim =  1000 iter =  800 2023-01-25 11:16:45"
[1] "DGM.in =  c.clay n.devel.sim =  1000 iter =  801 2023-01-25 11:16:46"
[1] "DGM.in =  c.clay n.devel.sim =  1000 iter =  802 2023-01-25 11:16:46"
[1] "DGM.in =  c.clay n.devel.sim =  1000 iter =  803 2023-01-25 11:16:47"
[1] "DGM.in =  c.clay n.devel.sim =  1000 iter =  804 2023-01-25 11:16:47"
[1] "DGM.in =  c.clay n.devel.sim =  1000 iter =  805 2023-01-25 11:16:47"
[1] "DGM.in =  c.clay n.devel.sim =  1000 iter =  806 2023-01-25 11:16:48"
[1] "DGM.in =  c.clay n.devel.sim =  1000 iter =  807 2023-01-25 11:16:48"
[1] "DGM.in =  c.clay n.devel.sim =  1000 iter =  808 2023-01-25 11:16:49"
[1] "DGM.in =  c.clay n.devel.sim =  1000 iter =  809 2023-01-25 11:16:49"
[1] "DGM.in =  c.clay n.devel.sim =  1000 iter =  810 2023-01-25 11:16:50"
[1] "DGM.in =  c.clay n.devel.sim =  1000 iter =  811 2023-01-25 11:16:50"
[1] "DGM.in =  c.clay n.devel.sim =  1000 iter =  812 2023-01-25 11:16:50"
[1] "DGM.in =  c.clay n.devel.sim =  1000 iter =  813 2023-01-25 11:16:51"
[1] "DGM.in =  c.clay n.devel.sim =  1000 iter =  814 2023-01-25 11:16:51"
[1] "DGM.in =  c.clay n.devel.sim =  1000 iter =  815 2023-01-25 11:16:52"
[1] "DGM.in =  c.clay n.devel.sim =  1000 iter =  816 2023-01-25 11:16:52"
[1] "DGM.in =  c.clay n.devel.sim =  1000 iter =  817 2023-01-25 11:16:53"
[1] "DGM.in =  c.clay n.devel.sim =  1000 iter =  818 2023-01-25 11:16:53"
[1] "DGM.in =  c.clay n.devel.sim =  1000 iter =  819 2023-01-25 11:16:53"
[1] "DGM.in =  c.clay n.devel.sim =  1000 iter =  820 2023-01-25 11:16:54"
[1] "DGM.in =  c.clay n.devel.sim =  1000 iter =  821 2023-01-25 11:16:54"
[1] "DGM.in =  c.clay n.devel.sim =  1000 iter =  822 2023-01-25 11:16:55"
[1] "DGM.in =  c.clay n.devel.sim =  1000 iter =  823 2023-01-25 11:16:55"
[1] "DGM.in =  c.clay n.devel.sim =  1000 iter =  824 2023-01-25 11:16:56"
[1] "DGM.in =  c.clay n.devel.sim =  1000 iter =  825 2023-01-25 11:16:56"
[1] "DGM.in =  c.clay n.devel.sim =  1000 iter =  826 2023-01-25 11:16:56"
[1] "DGM.in =  c.clay n.devel.sim =  1000 iter =  827 2023-01-25 11:16:57"
[1] "DGM.in =  c.clay n.devel.sim =  1000 iter =  828 2023-01-25 11:16:57"
[1] "DGM.in =  c.clay n.devel.sim =  1000 iter =  829 2023-01-25 11:16:58"
[1] "DGM.in =  c.clay n.devel.sim =  1000 iter =  830 2023-01-25 11:16:58"
[1] "DGM.in =  c.clay n.devel.sim =  1000 iter =  831 2023-01-25 11:16:59"
[1] "DGM.in =  c.clay n.devel.sim =  1000 iter =  832 2023-01-25 11:16:59"
[1] "DGM.in =  c.clay n.devel.sim =  1000 iter =  833 2023-01-25 11:17:00"
[1] "DGM.in =  c.clay n.devel.sim =  1000 iter =  834 2023-01-25 11:17:00"
[1] "DGM.in =  c.clay n.devel.sim =  1000 iter =  835 2023-01-25 11:17:00"
[1] "DGM.in =  c.clay n.devel.sim =  1000 iter =  836 2023-01-25 11:17:01"
[1] "DGM.in =  c.clay n.devel.sim =  1000 iter =  837 2023-01-25 11:17:01"
[1] "DGM.in =  c.clay n.devel.sim =  1000 iter =  838 2023-01-25 11:17:02"
[1] "DGM.in =  c.clay n.devel.sim =  1000 iter =  839 2023-01-25 11:17:02"
[1] "DGM.in =  c.clay n.devel.sim =  1000 iter =  840 2023-01-25 11:17:03"
[1] "DGM.in =  c.clay n.devel.sim =  1000 iter =  841 2023-01-25 11:17:03"
[1] "DGM.in =  c.clay n.devel.sim =  1000 iter =  842 2023-01-25 11:17:03"
[1] "DGM.in =  c.clay n.devel.sim =  1000 iter =  843 2023-01-25 11:17:04"
[1] "DGM.in =  c.clay n.devel.sim =  1000 iter =  844 2023-01-25 11:17:04"
[1] "DGM.in =  c.clay n.devel.sim =  1000 iter =  845 2023-01-25 11:17:05"
[1] "DGM.in =  c.clay n.devel.sim =  1000 iter =  846 2023-01-25 11:17:05"
[1] "DGM.in =  c.clay n.devel.sim =  1000 iter =  847 2023-01-25 11:17:06"
[1] "DGM.in =  c.clay n.devel.sim =  1000 iter =  848 2023-01-25 11:17:06"
[1] "DGM.in =  c.clay n.devel.sim =  1000 iter =  849 2023-01-25 11:17:07"
[1] "DGM.in =  c.clay n.devel.sim =  1000 iter =  850 2023-01-25 11:17:07"
[1] "DGM.in =  c.clay n.devel.sim =  1000 iter =  851 2023-01-25 11:17:07"
[1] "DGM.in =  c.clay n.devel.sim =  1000 iter =  852 2023-01-25 11:17:08"
[1] "DGM.in =  c.clay n.devel.sim =  1000 iter =  853 2023-01-25 11:17:08"
[1] "DGM.in =  c.clay n.devel.sim =  1000 iter =  854 2023-01-25 11:17:09"
[1] "DGM.in =  c.clay n.devel.sim =  1000 iter =  855 2023-01-25 11:17:09"
[1] "DGM.in =  c.clay n.devel.sim =  1000 iter =  856 2023-01-25 11:17:10"
[1] "DGM.in =  c.clay n.devel.sim =  1000 iter =  857 2023-01-25 11:17:10"
[1] "DGM.in =  c.clay n.devel.sim =  1000 iter =  858 2023-01-25 11:17:10"
[1] "DGM.in =  c.clay n.devel.sim =  1000 iter =  859 2023-01-25 11:17:11"
[1] "DGM.in =  c.clay n.devel.sim =  1000 iter =  860 2023-01-25 11:17:11"
[1] "DGM.in =  c.clay n.devel.sim =  1000 iter =  861 2023-01-25 11:17:12"
[1] "DGM.in =  c.clay n.devel.sim =  1000 iter =  862 2023-01-25 11:17:12"
[1] "DGM.in =  c.clay n.devel.sim =  1000 iter =  863 2023-01-25 11:17:13"
[1] "DGM.in =  c.clay n.devel.sim =  1000 iter =  864 2023-01-25 11:17:13"
[1] "DGM.in =  c.clay n.devel.sim =  1000 iter =  865 2023-01-25 11:17:13"
[1] "DGM.in =  c.clay n.devel.sim =  1000 iter =  866 2023-01-25 11:17:14"
[1] "DGM.in =  c.clay n.devel.sim =  1000 iter =  867 2023-01-25 11:17:14"
[1] "DGM.in =  c.clay n.devel.sim =  1000 iter =  868 2023-01-25 11:17:15"
[1] "DGM.in =  c.clay n.devel.sim =  1000 iter =  869 2023-01-25 11:17:15"
[1] "DGM.in =  c.clay n.devel.sim =  1000 iter =  870 2023-01-25 11:17:16"
[1] "DGM.in =  c.clay n.devel.sim =  1000 iter =  871 2023-01-25 11:17:16"
[1] "DGM.in =  c.clay n.devel.sim =  1000 iter =  872 2023-01-25 11:17:16"
[1] "DGM.in =  c.clay n.devel.sim =  1000 iter =  873 2023-01-25 11:17:17"
[1] "DGM.in =  c.clay n.devel.sim =  1000 iter =  874 2023-01-25 11:17:17"
[1] "DGM.in =  c.clay n.devel.sim =  1000 iter =  875 2023-01-25 11:17:18"
[1] "DGM.in =  c.clay n.devel.sim =  1000 iter =  876 2023-01-25 11:17:18"
[1] "DGM.in =  c.clay n.devel.sim =  1000 iter =  877 2023-01-25 11:17:19"
[1] "DGM.in =  c.clay n.devel.sim =  1000 iter =  878 2023-01-25 11:17:19"
[1] "DGM.in =  c.clay n.devel.sim =  1000 iter =  879 2023-01-25 11:17:20"
[1] "DGM.in =  c.clay n.devel.sim =  1000 iter =  880 2023-01-25 11:17:20"
[1] "DGM.in =  c.clay n.devel.sim =  1000 iter =  881 2023-01-25 11:17:20"
[1] "DGM.in =  c.clay n.devel.sim =  1000 iter =  882 2023-01-25 11:17:21"
[1] "DGM.in =  c.clay n.devel.sim =  1000 iter =  883 2023-01-25 11:17:21"
[1] "DGM.in =  c.clay n.devel.sim =  1000 iter =  884 2023-01-25 11:17:22"
[1] "DGM.in =  c.clay n.devel.sim =  1000 iter =  885 2023-01-25 11:17:22"
[1] "DGM.in =  c.clay n.devel.sim =  1000 iter =  886 2023-01-25 11:17:23"
[1] "DGM.in =  c.clay n.devel.sim =  1000 iter =  887 2023-01-25 11:17:23"
[1] "DGM.in =  c.clay n.devel.sim =  1000 iter =  888 2023-01-25 11:17:23"
[1] "DGM.in =  c.clay n.devel.sim =  1000 iter =  889 2023-01-25 11:17:24"
[1] "DGM.in =  c.clay n.devel.sim =  1000 iter =  890 2023-01-25 11:17:24"
[1] "DGM.in =  c.clay n.devel.sim =  1000 iter =  891 2023-01-25 11:17:25"
[1] "DGM.in =  c.clay n.devel.sim =  1000 iter =  892 2023-01-25 11:17:25"
[1] "DGM.in =  c.clay n.devel.sim =  1000 iter =  893 2023-01-25 11:17:26"
[1] "DGM.in =  c.clay n.devel.sim =  1000 iter =  894 2023-01-25 11:17:26"
[1] "DGM.in =  c.clay n.devel.sim =  1000 iter =  895 2023-01-25 11:17:26"
[1] "DGM.in =  c.clay n.devel.sim =  1000 iter =  896 2023-01-25 11:17:27"
[1] "DGM.in =  c.clay n.devel.sim =  1000 iter =  897 2023-01-25 11:17:27"
[1] "DGM.in =  c.clay n.devel.sim =  1000 iter =  898 2023-01-25 11:17:28"
[1] "DGM.in =  c.clay n.devel.sim =  1000 iter =  899 2023-01-25 11:17:28"
[1] "DGM.in =  c.clay n.devel.sim =  1000 iter =  900 2023-01-25 11:17:29"
[1] "DGM.in =  c.clay n.devel.sim =  1000 iter =  901 2023-01-25 11:17:29"
[1] "DGM.in =  c.clay n.devel.sim =  1000 iter =  902 2023-01-25 11:17:30"
[1] "DGM.in =  c.clay n.devel.sim =  1000 iter =  903 2023-01-25 11:17:30"
[1] "DGM.in =  c.clay n.devel.sim =  1000 iter =  904 2023-01-25 11:17:30"
[1] "DGM.in =  c.clay n.devel.sim =  1000 iter =  905 2023-01-25 11:17:31"
[1] "DGM.in =  c.clay n.devel.sim =  1000 iter =  906 2023-01-25 11:17:31"
[1] "DGM.in =  c.clay n.devel.sim =  1000 iter =  907 2023-01-25 11:17:32"
[1] "DGM.in =  c.clay n.devel.sim =  1000 iter =  908 2023-01-25 11:17:32"
[1] "DGM.in =  c.clay n.devel.sim =  1000 iter =  909 2023-01-25 11:17:33"
[1] "DGM.in =  c.clay n.devel.sim =  1000 iter =  910 2023-01-25 11:17:33"
[1] "DGM.in =  c.clay n.devel.sim =  1000 iter =  911 2023-01-25 11:17:33"
[1] "DGM.in =  c.clay n.devel.sim =  1000 iter =  912 2023-01-25 11:17:34"
[1] "DGM.in =  c.clay n.devel.sim =  1000 iter =  913 2023-01-25 11:17:34"
[1] "DGM.in =  c.clay n.devel.sim =  1000 iter =  914 2023-01-25 11:17:35"
[1] "DGM.in =  c.clay n.devel.sim =  1000 iter =  915 2023-01-25 11:17:35"
[1] "DGM.in =  c.clay n.devel.sim =  1000 iter =  916 2023-01-25 11:17:36"
[1] "DGM.in =  c.clay n.devel.sim =  1000 iter =  917 2023-01-25 11:17:36"
[1] "DGM.in =  c.clay n.devel.sim =  1000 iter =  918 2023-01-25 11:17:36"
[1] "DGM.in =  c.clay n.devel.sim =  1000 iter =  919 2023-01-25 11:17:37"
[1] "DGM.in =  c.clay n.devel.sim =  1000 iter =  920 2023-01-25 11:17:37"
[1] "DGM.in =  c.clay n.devel.sim =  1000 iter =  921 2023-01-25 11:17:38"
[1] "DGM.in =  c.clay n.devel.sim =  1000 iter =  922 2023-01-25 11:17:38"
[1] "DGM.in =  c.clay n.devel.sim =  1000 iter =  923 2023-01-25 11:17:39"
[1] "DGM.in =  c.clay n.devel.sim =  1000 iter =  924 2023-01-25 11:17:39"
[1] "DGM.in =  c.clay n.devel.sim =  1000 iter =  925 2023-01-25 11:17:40"
[1] "DGM.in =  c.clay n.devel.sim =  1000 iter =  926 2023-01-25 11:17:40"
[1] "DGM.in =  c.clay n.devel.sim =  1000 iter =  927 2023-01-25 11:17:40"
[1] "DGM.in =  c.clay n.devel.sim =  1000 iter =  928 2023-01-25 11:17:41"
[1] "DGM.in =  c.clay n.devel.sim =  1000 iter =  929 2023-01-25 11:17:41"
[1] "DGM.in =  c.clay n.devel.sim =  1000 iter =  930 2023-01-25 11:17:42"
[1] "DGM.in =  c.clay n.devel.sim =  1000 iter =  931 2023-01-25 11:17:42"
[1] "DGM.in =  c.clay n.devel.sim =  1000 iter =  932 2023-01-25 11:17:43"
[1] "DGM.in =  c.clay n.devel.sim =  1000 iter =  933 2023-01-25 11:17:43"
[1] "DGM.in =  c.clay n.devel.sim =  1000 iter =  934 2023-01-25 11:17:44"
[1] "DGM.in =  c.clay n.devel.sim =  1000 iter =  935 2023-01-25 11:17:44"
[1] "DGM.in =  c.clay n.devel.sim =  1000 iter =  936 2023-01-25 11:17:44"
[1] "DGM.in =  c.clay n.devel.sim =  1000 iter =  937 2023-01-25 11:17:45"
[1] "DGM.in =  c.clay n.devel.sim =  1000 iter =  938 2023-01-25 11:17:45"
[1] "DGM.in =  c.clay n.devel.sim =  1000 iter =  939 2023-01-25 11:17:46"
[1] "DGM.in =  c.clay n.devel.sim =  1000 iter =  940 2023-01-25 11:17:46"
[1] "DGM.in =  c.clay n.devel.sim =  1000 iter =  941 2023-01-25 11:17:47"
[1] "DGM.in =  c.clay n.devel.sim =  1000 iter =  942 2023-01-25 11:17:47"
[1] "DGM.in =  c.clay n.devel.sim =  1000 iter =  943 2023-01-25 11:17:47"
[1] "DGM.in =  c.clay n.devel.sim =  1000 iter =  944 2023-01-25 11:17:48"
[1] "DGM.in =  c.clay n.devel.sim =  1000 iter =  945 2023-01-25 11:17:48"
[1] "DGM.in =  c.clay n.devel.sim =  1000 iter =  946 2023-01-25 11:17:49"
[1] "DGM.in =  c.clay n.devel.sim =  1000 iter =  947 2023-01-25 11:17:49"
[1] "DGM.in =  c.clay n.devel.sim =  1000 iter =  948 2023-01-25 11:17:50"
[1] "DGM.in =  c.clay n.devel.sim =  1000 iter =  949 2023-01-25 11:17:50"
[1] "DGM.in =  c.clay n.devel.sim =  1000 iter =  950 2023-01-25 11:17:51"
[1] "DGM.in =  c.clay n.devel.sim =  1000 iter =  951 2023-01-25 11:17:51"
[1] "DGM.in =  c.clay n.devel.sim =  1000 iter =  952 2023-01-25 11:17:52"
[1] "DGM.in =  c.clay n.devel.sim =  1000 iter =  953 2023-01-25 11:17:52"
[1] "DGM.in =  c.clay n.devel.sim =  1000 iter =  954 2023-01-25 11:17:52"
[1] "DGM.in =  c.clay n.devel.sim =  1000 iter =  955 2023-01-25 11:17:53"
[1] "DGM.in =  c.clay n.devel.sim =  1000 iter =  956 2023-01-25 11:17:53"
[1] "DGM.in =  c.clay n.devel.sim =  1000 iter =  957 2023-01-25 11:17:54"
[1] "DGM.in =  c.clay n.devel.sim =  1000 iter =  958 2023-01-25 11:17:54"
[1] "DGM.in =  c.clay n.devel.sim =  1000 iter =  959 2023-01-25 11:17:55"
[1] "DGM.in =  c.clay n.devel.sim =  1000 iter =  960 2023-01-25 11:17:55"
[1] "DGM.in =  c.clay n.devel.sim =  1000 iter =  961 2023-01-25 11:17:55"
[1] "DGM.in =  c.clay n.devel.sim =  1000 iter =  962 2023-01-25 11:17:56"
[1] "DGM.in =  c.clay n.devel.sim =  1000 iter =  963 2023-01-25 11:17:56"
[1] "DGM.in =  c.clay n.devel.sim =  1000 iter =  964 2023-01-25 11:17:57"
[1] "DGM.in =  c.clay n.devel.sim =  1000 iter =  965 2023-01-25 11:17:57"
[1] "DGM.in =  c.clay n.devel.sim =  1000 iter =  966 2023-01-25 11:17:58"
[1] "DGM.in =  c.clay n.devel.sim =  1000 iter =  967 2023-01-25 11:17:58"
[1] "DGM.in =  c.clay n.devel.sim =  1000 iter =  968 2023-01-25 11:17:59"
[1] "DGM.in =  c.clay n.devel.sim =  1000 iter =  969 2023-01-25 11:17:59"
[1] "DGM.in =  c.clay n.devel.sim =  1000 iter =  970 2023-01-25 11:17:59"
[1] "DGM.in =  c.clay n.devel.sim =  1000 iter =  971 2023-01-25 11:18:00"
[1] "DGM.in =  c.clay n.devel.sim =  1000 iter =  972 2023-01-25 11:18:00"
[1] "DGM.in =  c.clay n.devel.sim =  1000 iter =  973 2023-01-25 11:18:01"
[1] "DGM.in =  c.clay n.devel.sim =  1000 iter =  974 2023-01-25 11:18:01"
[1] "DGM.in =  c.clay n.devel.sim =  1000 iter =  975 2023-01-25 11:18:02"
[1] "DGM.in =  c.clay n.devel.sim =  1000 iter =  976 2023-01-25 11:18:02"
[1] "DGM.in =  c.clay n.devel.sim =  1000 iter =  977 2023-01-25 11:18:03"
[1] "DGM.in =  c.clay n.devel.sim =  1000 iter =  978 2023-01-25 11:18:03"
[1] "DGM.in =  c.clay n.devel.sim =  1000 iter =  979 2023-01-25 11:18:03"
[1] "DGM.in =  c.clay n.devel.sim =  1000 iter =  980 2023-01-25 11:18:04"
[1] "DGM.in =  c.clay n.devel.sim =  1000 iter =  981 2023-01-25 11:18:04"
[1] "DGM.in =  c.clay n.devel.sim =  1000 iter =  982 2023-01-25 11:18:05"
[1] "DGM.in =  c.clay n.devel.sim =  1000 iter =  983 2023-01-25 11:18:05"
[1] "DGM.in =  c.clay n.devel.sim =  1000 iter =  984 2023-01-25 11:18:06"
[1] "DGM.in =  c.clay n.devel.sim =  1000 iter =  985 2023-01-25 11:18:06"
[1] "DGM.in =  c.clay n.devel.sim =  1000 iter =  986 2023-01-25 11:18:06"
[1] "DGM.in =  c.clay n.devel.sim =  1000 iter =  987 2023-01-25 11:18:07"
[1] "DGM.in =  c.clay n.devel.sim =  1000 iter =  988 2023-01-25 11:18:07"
[1] "DGM.in =  c.clay n.devel.sim =  1000 iter =  989 2023-01-25 11:18:08"
[1] "DGM.in =  c.clay n.devel.sim =  1000 iter =  990 2023-01-25 11:18:08"
[1] "DGM.in =  c.clay n.devel.sim =  1000 iter =  991 2023-01-25 11:18:09"
[1] "DGM.in =  c.clay n.devel.sim =  1000 iter =  992 2023-01-25 11:18:09"
[1] "DGM.in =  c.clay n.devel.sim =  1000 iter =  993 2023-01-25 11:18:09"
[1] "DGM.in =  c.clay n.devel.sim =  1000 iter =  994 2023-01-25 11:18:10"
[1] "DGM.in =  c.clay n.devel.sim =  1000 iter =  995 2023-01-25 11:18:10"
[1] "DGM.in =  c.clay n.devel.sim =  1000 iter =  996 2023-01-25 11:18:11"
[1] "DGM.in =  c.clay n.devel.sim =  1000 iter =  997 2023-01-25 11:18:11"
[1] "DGM.in =  c.clay n.devel.sim =  1000 iter =  998 2023-01-25 11:18:12"
[1] "DGM.in =  c.clay n.devel.sim =  1000 iter =  999 2023-01-25 11:18:12"
[1] "DGM.in =  c.clay n.devel.sim =  1000 iter =  1000 2023-01-25 11:18:13"
