
Attaching package: ‘dplyr’

The following objects are masked from ‘package:stats’:

    filter, lag

The following objects are masked from ‘package:base’:

    intersect, setdiff, setequal, union

Loading required package: Hmisc

Attaching package: ‘Hmisc’

The following objects are masked from ‘package:dplyr’:

    src, summarize

The following objects are masked from ‘package:base’:

    format.pval, units


Attaching package: ‘MASS’

The following object is masked from ‘package:dplyr’:

    select


Attaching package: ‘DescTools’

The following objects are masked from ‘package:Hmisc’:

    %nin%, Label, Mean, Quantile


Attaching package: ‘mice’

The following object is masked from ‘package:stats’:

    filter

The following objects are masked from ‘package:base’:

    cbind, rbind

        R/sim_functions.R R/sim_load_packages.R
value   ?                 character,19         
visible FALSE             FALSE                
[1] "SET 1"
[1] "SET 10"
[1] "SET 100"
[1] "SET 101"
[1] "SET 102"
[1] "SET 103"
[1] "SET 104"
[1] "SET 105"
[1] "SET 106"
[1] "SET 107"
[1] "SET 108"
[1] "SET 109"
[1] "SET 11"
[1] "SET 110"
[1] "SET 111"
[1] "SET 112"
[1] "SET 113"
[1] "SET 114"
[1] "SET 115"
[1] "SET 116"
[1] "SET 117"
[1] "SET 118"
[1] "SET 119"
[1] "SET 12"
[1] "SET 120"
[1] "SET 121"
[1] "SET 122"
[1] "SET 123"
[1] "SET 124"
[1] "SET 125"
[1] "SET 126"
[1] "SET 127"
[1] "SET 128"
[1] "SET 129"
[1] "SET 13"
[1] "SET 130"
[1] "SET 131"
[1] "SET 132"
[1] "SET 133"
[1] "SET 134"
[1] "SET 135"
[1] "SET 136"
[1] "SET 137"
[1] "SET 138"
[1] "SET 139"
[1] "SET 14"
[1] "SET 140"
[1] "SET 141"
[1] "SET 142"
[1] "SET 143"
[1] "SET 144"
[1] "SET 145"
[1] "SET 146"
[1] "SET 147"
[1] "SET 148"
[1] "SET 149"
[1] "SET 15"
[1] "SET 150"
[1] "SET 151"
[1] "SET 152"
[1] "SET 153"
[1] "SET 154"
[1] "SET 155"
[1] "SET 156"
[1] "SET 157"
[1] "SET 158"
[1] "SET 159"
[1] "SET 16"
[1] "SET 160"
[1] "SET 161"
[1] "SET 162"
[1] "SET 163"
[1] "SET 164"
[1] "SET 165"
[1] "SET 166"
[1] "SET 167"
[1] "SET 168"
[1] "SET 169"
[1] "SET 17"
[1] "SET 170"
[1] "SET 171"
[1] "SET 172"
[1] "SET 173"
[1] "SET 174"
[1] "SET 175"
[1] "SET 176"
[1] "SET 177"
[1] "SET 178"
[1] "SET 179"
[1] "SET 18"
[1] "SET 180"
[1] "SET 181"
[1] "SET 182"
[1] "SET 183"
[1] "SET 184"
[1] "SET 185"
[1] "SET 186"
[1] "SET 187"
[1] "SET 188"
[1] "SET 189"
[1] "SET 19"
[1] "SET 190"
[1] "SET 191"
[1] "SET 192"
[1] "SET 193"
[1] "SET 194"
[1] "SET 195"
[1] "SET 196"
[1] "SET 197"
[1] "SET 198"
[1] "SET 199"
[1] "SET 2"
[1] "SET 20"
[1] "SET 21"
[1] "SET 22"
[1] "SET 23"
[1] "SET 24"
[1] "SET 25"
[1] "SET 26"
[1] "SET 27"
[1] "SET 28"
[1] "SET 29"
[1] "SET 3"
[1] "SET 30"
[1] "SET 31"
[1] "SET 32"
[1] "SET 33"
[1] "SET 34"
[1] "SET 35"
[1] "SET 36"
[1] "SET 37"
[1] "SET 38"
[1] "SET 39"
[1] "SET 4"
[1] "SET 40"
[1] "SET 41"
[1] "SET 42"
[1] "SET 43"
[1] "SET 44"
[1] "SET 45"
[1] "SET 46"
[1] "SET 47"
[1] "SET 48"
[1] "SET 49"
[1] "SET 5"
[1] "SET 50"
[1] "SET 51"
[1] "SET 52"
[1] "SET 53"
[1] "SET 54"
[1] "SET 55"
[1] "SET 56"
[1] "SET 57"
[1] "SET 58"
[1] "SET 59"
[1] "SET 6"
[1] "SET 60"
[1] "SET 61"
[1] "SET 62"
[1] "SET 63"
[1] "SET 64"
[1] "SET 65"
[1] "SET 66"
[1] "SET 67"
[1] "SET 68"
[1] "SET 69"
[1] "SET 7"
[1] "SET 70"
[1] "SET 71"
[1] "SET 72"
[1] "SET 73"
[1] "SET 74"
[1] "SET 75"
[1] "SET 76"
[1] "SET 77"
[1] "SET 78"
[1] "SET 79"
[1] "SET 8"
[1] "SET 80"
[1] "SET 81"
[1] "SET 82"
[1] "SET 83"
[1] "SET 84"
[1] "SET 85"
[1] "SET 86"
[1] "SET 87"
[1] "SET 88"
[1] "SET 89"
[1] "SET 9"
[1] "SET 90"
[1] "SET 91"
[1] "SET 92"
[1] "SET 93"
[1] "SET 94"
[1] "SET 95"
[1] "SET 96"
[1] "SET 97"
[1] "SET 98"
[1] "SET 99"
[1] "SET 1"
[1] "SET 10"
[1] "SET 100"
[1] "SET 101"
[1] "SET 102"
[1] "SET 103"
[1] "SET 104"
[1] "SET 105"
[1] "SET 106"
[1] "SET 107"
[1] "SET 108"
[1] "SET 109"
[1] "SET 11"
[1] "SET 110"
[1] "SET 111"
[1] "SET 112"
[1] "SET 113"
[1] "SET 114"
[1] "SET 115"
[1] "SET 116"
[1] "SET 117"
[1] "SET 118"
[1] "SET 119"
[1] "SET 12"
[1] "SET 120"
[1] "SET 121"
[1] "SET 122"
[1] "SET 123"
[1] "SET 124"
[1] "SET 125"
[1] "SET 126"
[1] "SET 127"
[1] "SET 128"
[1] "SET 129"
[1] "SET 13"
[1] "SET 130"
[1] "SET 131"
[1] "SET 132"
[1] "SET 133"
[1] "SET 134"
[1] "SET 135"
[1] "SET 136"
[1] "SET 137"
[1] "SET 138"
[1] "SET 139"
[1] "SET 14"
[1] "SET 140"
[1] "SET 141"
[1] "SET 142"
[1] "SET 143"
[1] "SET 144"
[1] "SET 145"
[1] "SET 146"
[1] "SET 147"
[1] "SET 148"
[1] "SET 149"
[1] "SET 15"
[1] "SET 150"
[1] "SET 151"
[1] "SET 152"
[1] "SET 153"
[1] "SET 154"
[1] "SET 155"
[1] "SET 156"
[1] "SET 157"
[1] "SET 158"
[1] "SET 159"
[1] "SET 16"
[1] "SET 160"
[1] "SET 161"
[1] "SET 162"
[1] "SET 163"
[1] "SET 164"
[1] "SET 165"
[1] "SET 166"
[1] "SET 167"
[1] "SET 168"
[1] "SET 169"
[1] "SET 17"
[1] "SET 170"
[1] "SET 171"
[1] "SET 172"
[1] "SET 173"
[1] "SET 174"
[1] "SET 175"
[1] "SET 176"
[1] "SET 177"
[1] "SET 178"
[1] "SET 179"
[1] "SET 18"
[1] "SET 180"
[1] "SET 181"
[1] "SET 182"
[1] "SET 183"
[1] "SET 184"
[1] "SET 185"
[1] "SET 186"
[1] "SET 187"
[1] "SET 188"
[1] "SET 189"
[1] "SET 19"
[1] "SET 190"
[1] "SET 191"
[1] "SET 192"
[1] "SET 193"
[1] "SET 194"
[1] "SET 195"
[1] "SET 196"
[1] "SET 197"
[1] "SET 198"
[1] "SET 199"
[1] "SET 2"
[1] "SET 20"
[1] "SET 21"
[1] "SET 22"
[1] "SET 23"
[1] "SET 24"
[1] "SET 25"
[1] "SET 26"
[1] "SET 27"
[1] "SET 28"
[1] "SET 29"
[1] "SET 3"
[1] "SET 30"
[1] "SET 31"
[1] "SET 32"
[1] "SET 33"
[1] "SET 34"
[1] "SET 35"
[1] "SET 36"
[1] "SET 37"
[1] "SET 38"
[1] "SET 39"
[1] "SET 4"
[1] "SET 40"
[1] "SET 41"
[1] "SET 42"
[1] "SET 43"
[1] "SET 44"
[1] "SET 45"
[1] "SET 46"
[1] "SET 47"
[1] "SET 48"
[1] "SET 49"
[1] "SET 5"
[1] "SET 50"
[1] "SET 51"
[1] "SET 52"
[1] "SET 53"
[1] "SET 54"
[1] "SET 55"
[1] "SET 56"
[1] "SET 57"
[1] "SET 58"
[1] "SET 59"
[1] "SET 6"
[1] "SET 60"
[1] "SET 61"
[1] "SET 62"
[1] "SET 63"
[1] "SET 64"
[1] "SET 65"
[1] "SET 66"
[1] "SET 67"
[1] "SET 68"
[1] "SET 69"
[1] "SET 7"
[1] "SET 70"
[1] "SET 71"
[1] "SET 72"
[1] "SET 73"
[1] "SET 74"
[1] "SET 75"
[1] "SET 76"
[1] "SET 77"
[1] "SET 78"
[1] "SET 79"
[1] "SET 8"
[1] "SET 80"
[1] "SET 81"
[1] "SET 82"
[1] "SET 83"
[1] "SET 84"
[1] "SET 85"
[1] "SET 86"
[1] "SET 87"
[1] "SET 88"
[1] "SET 89"
[1] "SET 9"
[1] "SET 90"
[1] "SET 91"
[1] "SET 92"
[1] "SET 93"
[1] "SET 94"
[1] "SET 95"
[1] "SET 96"
[1] "SET 97"
[1] "SET 98"
[1] "SET 99"
[1] "SET 1"
[1] "SET 10"
[1] "SET 101"
[1] "SET 103"
[1] "SET 104"
[1] "SET 105"
[1] "SET 106"
Error in `$<-.data.frame`(`*tmp*`, "corr", value = TRUE) : 
  replacement has 1 row, data has 0
Calls: lapply -> FUN -> $<- -> $<-.data.frame
Execution halted
