
Attaching package: ‘dplyr’

The following objects are masked from ‘package:stats’:

    filter, lag

The following objects are masked from ‘package:base’:

    intersect, setdiff, setequal, union

Loading required package: Hmisc

Attaching package: ‘Hmisc’

The following objects are masked from ‘package:dplyr’:

    src, summarize

The following objects are masked from ‘package:base’:

    format.pval, units


Attaching package: ‘MASS’

The following object is masked from ‘package:dplyr’:

    select


Attaching package: ‘DescTools’

The following objects are masked from ‘package:Hmisc’:

    %nin%, Label, Mean, Quantile


Attaching package: ‘mice’

The following object is masked from ‘package:stats’:

    filter

The following objects are masked from ‘package:base’:

    cbind, rbind

        R/sim_functions.R R/sim_load_packages.R
value   ?                 character,19         
visible FALSE             FALSE                
[1] "S.VH mean TRUE TRUE 0.25"
[1] "S.VH mean TRUE FALSE 0.25"
[1] "S.VH mean FALSE TRUE 0.25"
[1] "S.VH mean FALSE FALSE 0.25"
[1] "S.VH median TRUE TRUE 0.25"
[1] "S.VH median TRUE FALSE 0.25"
[1] "S.VH median FALSE TRUE 0.25"
[1] "S.VH median FALSE FALSE 0.25"
[1] "S.boot mean TRUE TRUE 0.25"
[1] "S.boot mean TRUE FALSE 0.25"
[1] "S.boot mean FALSE TRUE 0.25"
[1] "S.boot mean FALSE FALSE 0.25"
[1] "S.boot median TRUE TRUE 0.25"
[1] "S.boot median TRUE FALSE 0.25"
[1] "S.boot median FALSE TRUE 0.25"
[1] "S.boot median FALSE FALSE 0.25"
There were 50 or more warnings (use warnings() to see the first 50)
Warning message:
`legend.margin` must be specified using `margin()`
ℹ For the old behavior use `legend.spacing` 
Warning message:
`legend.margin` must be specified using `margin()`
ℹ For the old behavior use `legend.spacing` 
null device 
          1 
null device 
          1 
