Loading required package: survival
Loading required package: stats4
Loading required package: splines

Attaching package: ‘dplyr’

The following objects are masked from ‘package:stats’:

    filter, lag

The following objects are masked from ‘package:base’:

    intersect, setdiff, setequal, union

Loading required package: lattice
Loading required package: Formula
Loading required package: ggplot2

Attaching package: ‘Hmisc’

The following objects are masked from ‘package:dplyr’:

    src, summarize

The following objects are masked from ‘package:base’:

    format.pval, units

Loading required package: SparseM

Attaching package: ‘SparseM’

The following object is masked from ‘package:base’:

    backsolve


Attaching package: ‘rms’

The following objects are masked from ‘package:VGAM’:

    calibrate, lrtest


Attaching package: ‘DescTools’

The following objects are masked from ‘package:Hmisc’:

    Label, Mean, %nin%, Quantile

The following object is masked from ‘package:VGAM’:

    Rank


Attaching package: ‘kernlab’

The following object is masked from ‘package:ggplot2’:

    alpha

The following object is masked from ‘package:VGAM’:

    nvar

[1] "scen1"
[1] "scen2"
[1] "scen3"
[1] "scen4"
$DGM.mult
[1] 279.8875 173.0489 534.1338

$DGM.seqlog
[1] 249.0587 177.3063 528.7232

$DGM.mult
[1] 422.2511 182.9293 521.2279

$DGM.seqlog
[1] 666.9634 177.6794 549.5690

$DGM.mult
[1] 295.2492 167.8523 518.0519

$DGM.seqlog
[1] 323.9048 176.1600 538.1975

$DGM.mult
[1] 350.7987 166.6587 526.1030

$DGM.seqlog
[1] 666.4026 177.6414 549.3249

